#
# A fatal error has been detected by the Java Runtime Environment:
#
#  SIGSEGV (0xb) at pc=0x00007f6e0bc3cb30, pid=1515, tid=1516
#
# JRE version: OpenJDK Runtime Environment (16.0.2+7) (build 16.0.2+7-67)
# Java VM: OpenJDK 64-Bit Server VM (16.0.2+7-67, mixed mode, sharing, tiered, compressed oops, compressed class ptrs, g1 gc, linux-amd64)
# Problematic frame:
# C  [libvulkan_intel.so+0x199b30]
#
# Core dump will be written. Default location: Core dumps may be processed with "/usr/share/apport/apport %p %s %c %d %P %E" (or dumping to /home/mrodier/Data/artemis/core.1515)
#
# If you would like to submit a bug report, please visit:
#   https://bugreport.java.com/bugreport/crash.jsp
# The crash happened outside the Java Virtual Machine in native code.
# See problematic frame for where to report the bug.
#

---------------  S U M M A R Y ------------

Command Line: -agentlib:jdwp=transport=dt_socket,server=n,suspend=y,address=localhost:36343 --enable-preview -XX:+ShowCodeDetailsInExceptionMessages -Dfile.encoding=UTF-8 ca.artemis.Main

Host: Intel(R) Core(TM) i5-8250U CPU @ 1.60GHz, 8 cores, 7G, Freedesktop.org 20.08.14 (Flatpak runtime)
Time: Thu Sep  9 11:53:53 2021 EDT elapsed time: 1.363767 seconds (0d 0h 0m 1s)

---------------  T H R E A D  ---------------

Current thread (0x00007f6e80024220):  JavaThread "main" [_thread_in_native, id=1516, stack(0x00007f6e85a5c000,0x00007f6e85b5d000)]

Stack: [0x00007f6e85a5c000,0x00007f6e85b5d000],  sp=0x00007f6e85b52950,  free space=986k
Native frames: (J=compiled Java code, A=aot compiled Java code, j=interpreted, Vv=VM code, C=native code)
C  [libvulkan_intel.so+0x199b30]
C  [libvulkan_intel.so+0x19d3e4]

Java frames: (J=compiled Java code, j=interpreted, Vv=VM code)
j  org.lwjgl.system.JNI.callPJPPPI(JJIJJJJ)I+0
j  org.lwjgl.vulkan.VK10.nvkCreateGraphicsPipelines(Lorg/lwjgl/vulkan/VkDevice;JIJJJ)I+47
j  org.lwjgl.vulkan.VK10.vkCreateGraphicsPipelines(Lorg/lwjgl/vulkan/VkDevice;JLorg/lwjgl/vulkan/VkGraphicsPipelineCreateInfo$Buffer;Lorg/lwjgl/vulkan/VkAllocationCallbacks;Ljava/nio/LongBuffer;)I+35
j  ca.artemis.vulkan.api.pipeline.GraphicsPipeline$Builder.build(Lca/artemis/vulkan/api/context/VulkanDevice;)Lca/artemis/vulkan/api/pipeline/GraphicsPipeline;+195
j  ca.artemis.vulkan.rendering.programs.FontShaderProgram.createGraphicsPipeline(Lca/artemis/vulkan/api/context/VulkanDevice;Lca/artemis/vulkan/api/framebuffer/RenderPass;)Lca/artemis/vulkan/api/pipeline/GraphicsPipeline;+161
j  ca.artemis.vulkan.rendering.programs.ShaderProgram.<init>(Lca/artemis/vulkan/api/context/VulkanDevice;Lca/artemis/vulkan/api/framebuffer/RenderPass;I)V+44
j  ca.artemis.vulkan.rendering.programs.ShaderProgram.<init>(Lca/artemis/vulkan/api/context/VulkanDevice;Lca/artemis/vulkan/api/framebuffer/RenderPass;)V+5
j  ca.artemis.vulkan.rendering.programs.FontShaderProgram.<init>(Lca/artemis/vulkan/api/context/VulkanDevice;Lca/artemis/vulkan/api/framebuffer/RenderPass;)V+3
j  ca.artemis.vulkan.rendering.renderer.SceneRenderer.<init>(Lca/artemis/vulkan/api/context/VulkanContext;)V+103
j  ca.artemis.vulkan.rendering.RenderingEngine.<init>(Lca/artemis/vulkan/api/context/VulkanContext;)V+33
j  ca.artemis.Main.main([Ljava/lang/String;)V+9
v  ~StubRoutines::call_stub

siginfo: si_signo: 11 (SIGSEGV), si_code: 1 (SEGV_MAPERR), si_addr: 0x0000000000000055

Register to memory mapping:

RAX=0x0000000000000001 is an unknown value
RBX=0x0 is NULL
RCX=0x00007f6e80dbdfe0 points into unknown readable memory: 0x00007f6e80db6c40 | 40 6c db 80 6e 7f 00 00
RDX=0x0000000000000055 is an unknown value
RSP=0x00007f6e85b52950 is pointing into the stack for thread: 0x00007f6e80024220
RBP=0x00007f6e85b52b60 is pointing into the stack for thread: 0x00007f6e80024220
RSI=0x00007f6e80da1d10 points into unknown readable memory: 0x0000000001cdc0de | de c0 cd 01 00 00 00 00
RDI=0x0 is NULL
R8 =0x0 is NULL
R9 =0x00007f6e85b52a98 is pointing into the stack for thread: 0x00007f6e80024220
R10=0x00007f6e85b52b80 is pointing into the stack for thread: 0x00007f6e80024220
R11=0x00007f6e0c41ada0: <offset 0x0000000000977da0> in /usr/lib/x86_64-linux-gnu/GL/default/lib/libvulkan_intel.so at 0x00007f6e0baa3000
R12=0x00007f6e808f6fd0 points into unknown readable memory: 0x0000000001cdc0de | de c0 cd 01 00 00 00 00
R13=0x00007f6e80d727b0 points into unknown readable memory: 0x0000000001cdc0de | de c0 cd 01 00 00 00 00
R14=0x00007f6e80dbb180 points into unknown readable memory: 0x00007f6e80dbd480 | 80 d4 db 80 6e 7f 00 00
R15=0x00007f6e808fc490 points into unknown readable memory: 0x00007f6e808f72e0 | e0 72 8f 80 6e 7f 00 00


Registers:
RAX=0x0000000000000001, RBX=0x0000000000000000, RCX=0x00007f6e80dbdfe0, RDX=0x0000000000000055
RSP=0x00007f6e85b52950, RBP=0x00007f6e85b52b60, RSI=0x00007f6e80da1d10, RDI=0x0000000000000000
R8 =0x0000000000000000, R9 =0x00007f6e85b52a98, R10=0x00007f6e85b52b80, R11=0x00007f6e0c41ada0
R12=0x00007f6e808f6fd0, R13=0x00007f6e80d727b0, R14=0x00007f6e80dbb180, R15=0x00007f6e808fc490
RIP=0x00007f6e0bc3cb30, EFLAGS=0x0000000000010246, CSGSFS=0x002b000000000033, ERR=0x0000000000000004
  TRAPNO=0x000000000000000e

Top of Stack: (sp=0x00007f6e85b52950)
0x00007f6e85b52950:   0000000000000000 00007f6e80da4e00
0x00007f6e85b52960:   00007f6e80d727b0 00007f6e8034bf30
0x00007f6e85b52970:   00007f6e85b52a10 00007f6e80d8ee08
0x00007f6e85b52980:   00007f6e80dbafc0 0000007c0000006e 

Instructions: (pc=0x00007f6e0bc3cb30)
0x00007f6e0bc3ca30:   00 00 00 80 7f 18 01 48 0f 44 c7 48 89 85 78 fe
0x00007f6e0bc3ca40:   ff ff 48 8b 95 78 fe ff ff 48 89 d0 8b 50 20 85
0x00007f6e0bc3ca50:   d2 74 2a 83 fa 05 0f 84 68 9f fc ff 80 78 60 00
0x00007f6e0bc3ca60:   0f 84 55 9f fc ff 48 8b 40 48 48 8b 50 08 31 c0
0x00007f6e0bc3ca70:   80 7a 18 01 74 d3 8b 50 20 85 d2 75 d6 48 8b 50
0x00007f6e0bc3ca80:   30 48 8b b5 00 fe ff ff 0f b6 42 28 83 e0 1f 48
0x00007f6e0bc3ca90:   c1 e0 04 48 8b 74 30 30 8b 42 30 41 8b 56 28 8d
0x00007f6e0bc3caa0:   4a f8 83 f9 01 0f 86 f5 fe ff ff 83 fa 0b 0f 84
0x00007f6e0bc3cab0:   ec fe ff ff 48 8d 14 40 48 c1 e2 04 48 8b 94 16
0x00007f6e0bc3cac0:   b8 00 00 00 48 85 d2 0f 84 d3 fe ff ff 48 8b 8d
0x00007f6e0bc3cad0:   78 fe ff ff 8b 79 20 85 ff 74 55 80 b9 98 00 00
0x00007f6e0bc3cae0:   00 00 0f 84 b8 fe ff ff 48 8b 89 80 00 00 00 48
0x00007f6e0bc3caf0:   8b 79 08 80 7f 18 05 0f 85 a3 fe ff ff 80 7f 55
0x00007f6e0bc3cb00:   10 48 8b 4f 58 0f 84 41 19 00 00 89 cf 0f b6 c9
0x00007f6e0bc3cb10:   48 0f 47 cf 48 8d 04 40 48 c1 e0 04 8b 84 06 a0
0x00007f6e0bc3cb20:   00 00 00 83 e8 01 39 c8 48 0f 47 c1 48 8d 14 c2
0x00007f6e0bc3cb30:   48 8b 02 48 8b 40 68 48 89 85 98 fe ff ff 48 85
0x00007f6e0bc3cb40:   c0 0f 84 59 fe ff ff 48 8b 78 30 4c 89 b5 b8 fe
0x00007f6e0bc3cb50:   ff ff c7 85 b0 fe ff ff 02 00 00 00 0f b6 77 34
0x00007f6e0bc3cb60:   48 89 bd 58 fe ff ff 85 f6 0f 84 42 9e fc ff 31
0x00007f6e0bc3cb70:   c0 31 d2 48 89 c1 48 c1 e1 04 80 7c 0f 04 00 75
0x00007f6e0bc3cb80:   19 89 c2 48 c1 e2 04 0f b7 14 17 48 8d 14 52 48
0x00007f6e0bc3cb90:   c1 e2 05 48 03 15 06 b4 7f 00 48 83 c0 01 39 c6
0x00007f6e0bc3cba0:   77 d1 bf 20 00 00 00 66 0f ef c0 44 0f b6 62 1d
0x00007f6e0bc3cbb0:   e8 1b cb 37 00 ba 20 00 00 00 be 01 00 00 00 48
0x00007f6e0bc3cbc0:   8b bd c8 fe ff ff 48 89 c3 e8 f2 d2 37 00 49 89
0x00007f6e0bc3cbd0:   c5 48 85 c0 74 3b 48 89 58 58 8b bd b0 fe ff ff
0x00007f6e0bc3cbe0:   48 89 c2 48 8b b5 b8 fe ff ff e8 b1 c5 37 00 80
0x00007f6e0bc3cbf0:   bd c1 fe ff ff 00 0f 85 20 17 00 00 c7 85 b0 fe
0x00007f6e0bc3cc00:   ff ff 03 00 00 00 4c 89 ad b8 fe ff ff 49 83 c5
0x00007f6e0bc3cc10:   20 48 8b 05 d0 3b 58 00 bf 20 00 00 00 66 48 0f
0x00007f6e0bc3cc20:   6e c0 e8 a9 ca 37 00 ba 20 00 00 00 be 01 00 00 


Stack slot to memory mapping:
stack at sp + 0 slots: 0x0 is NULL
stack at sp + 1 slots: 0x00007f6e80da4e00 points into unknown readable memory: 0x00007f6e80d8ee08 | 08 ee d8 80 6e 7f 00 00
stack at sp + 2 slots: 0x00007f6e80d727b0 points into unknown readable memory: 0x0000000001cdc0de | de c0 cd 01 00 00 00 00
stack at sp + 3 slots: 0x00007f6e8034bf30 points into unknown readable memory: 0x00007f6e80d72db0 | b0 2d d7 80 6e 7f 00 00
stack at sp + 4 slots: 0x00007f6e85b52a10 is pointing into the stack for thread: 0x00007f6e80024220
stack at sp + 5 slots: 0x00007f6e80d8ee08 points into unknown readable memory: 0x0000000000000000 | 00 00 00 00 00 00 00 00
stack at sp + 6 slots: 0x00007f6e80dbafc0 points into unknown readable memory: 0x00007f6e80d83648 | 48 36 d8 80 6e 7f 00 00
stack at sp + 7 slots: 0x0000007c0000006e is an unknown value


---------------  P R O C E S S  ---------------

Threads class SMR info:
_java_thread_list=0x00007f6e80413530, length=15, elements={
0x00007f6e80024220, 0x00007f6e80126200, 0x00007f6e80127780, 0x00007f6e801546d0,
0x00007f6e80155c20, 0x00007f6e80157140, 0x00007f6e80158c20, 0x00007f6e8015a280,
0x00007f6e80163810, 0x00007f6e8017b160, 0x00007f6e8017e280, 0x00007f6e20000fa0,
0x00007f6e8017f270, 0x00007f6e80185910, 0x00007f6e804125f0
}

Java Threads: ( => current thread )
=>0x00007f6e80024220 JavaThread "main" [_thread_in_native, id=1516, stack(0x00007f6e85a5c000,0x00007f6e85b5d000)]
  0x00007f6e80126200 JavaThread "Reference Handler" daemon [_thread_blocked, id=1523, stack(0x00007f6e645fd000,0x00007f6e646fe000)]
  0x00007f6e80127780 JavaThread "Finalizer" daemon [_thread_blocked, id=1524, stack(0x00007f6e644fc000,0x00007f6e645fd000)]
  0x00007f6e801546d0 JavaThread "Signal Dispatcher" daemon [_thread_blocked, id=1525, stack(0x00007f6e6412f000,0x00007f6e64230000)]
  0x00007f6e80155c20 JavaThread "Service Thread" daemon [_thread_blocked, id=1526, stack(0x00007f6e6402e000,0x00007f6e6412f000)]
  0x00007f6e80157140 JavaThread "Monitor Deflation Thread" daemon [_thread_blocked, id=1527, stack(0x00007f6e55eff000,0x00007f6e56000000)]
  0x00007f6e80158c20 JavaThread "C2 CompilerThread0" daemon [_thread_blocked, id=1528, stack(0x00007f6e55dfe000,0x00007f6e55eff000)]
  0x00007f6e8015a280 JavaThread "C1 CompilerThread0" daemon [_thread_blocked, id=1529, stack(0x00007f6e55cfd000,0x00007f6e55dfe000)]
  0x00007f6e80163810 JavaThread "Sweeper thread" daemon [_thread_blocked, id=1530, stack(0x00007f6e55bfc000,0x00007f6e55cfd000)]
  0x00007f6e8017b160 JavaThread "JDWP Transport Listener: dt_socket" daemon [_thread_blocked, id=1532, stack(0x00007f6e55afb000,0x00007f6e55bfc000)]
  0x00007f6e8017e280 JavaThread "JDWP Event Helper Thread" daemon [_thread_blocked, id=1534, stack(0x00007f6e559fa000,0x00007f6e55afb000)]
  0x00007f6e20000fa0 JavaThread "JDWP Command Reader" daemon [_thread_in_native, id=1537, stack(0x00007f6e558f9000,0x00007f6e559fa000)]
  0x00007f6e8017f270 JavaThread "Notification Thread" daemon [_thread_blocked, id=1539, stack(0x00007f6e557f8000,0x00007f6e558f9000)]
  0x00007f6e80185910 JavaThread "Common-Cleaner" daemon [_thread_blocked, id=1541, stack(0x00007f6e555f5000,0x00007f6e556f6000)]
  0x00007f6e804125f0 JavaThread "Java2D Disposer" daemon [_thread_blocked, id=1542, stack(0x00007f6e54051000,0x00007f6e54152000)]

Other Threads:
  0x00007f6e80123c40 VMThread "VM Thread" [stack: 0x00007f6e64700000,0x00007f6e64800000] [id=1522]
  0x00007f6e80180c70 WatcherThread [stack: 0x00007f6e556f8000,0x00007f6e557f8000] [id=1540]
  0x00007f6e80062ec0 GCTaskThread "GC Thread#0" [stack: 0x00007f6e842c9000,0x00007f6e843c9000] [id=1517]
  0x00007f6e80073b30 ConcurrentGCThread "G1 Main Marker" [stack: 0x00007f6e841c7000,0x00007f6e842c7000] [id=1518]
  0x00007f6e80074bc0 ConcurrentGCThread "G1 Conc#0" [stack: 0x00007f6e840c5000,0x00007f6e841c5000] [id=1519]
  0x00007f6e800eb600 ConcurrentGCThread "G1 Refine#0" [stack: 0x00007f6e65199000,0x00007f6e65299000] [id=1520]
  0x00007f6e800ec620 ConcurrentGCThread "G1 Service" [stack: 0x00007f6e65097000,0x00007f6e65197000] [id=1521]

Threads with active compile tasks:

VM state: not at safepoint (normal execution)

VM Mutex/Monitor currently owned by a thread: None

Heap address: 0x0000000085800000, size: 1960 MB, Compressed Oops mode: 32-bit

CDS archive(s) mapped at: [0x0000000800000000-0x0000000800bc1000-0x0000000800bc1000), size 12324864, SharedBaseAddress: 0x0000000800000000, ArchiveRelocationMode: 0.
Compressed class space mapped at: 0x0000000800c00000-0x0000000840c00000, reserved size: 1073741824
Narrow klass base: 0x0000000800000000, Narrow klass shift: 3, Narrow klass range: 0x100000000

GC Precious Log:
 CPUs: 8 total, 8 available
 Memory: 7838M
 Large Page Support: Disabled
 NUMA Support: Disabled
 Compressed Oops: Enabled (32-bit)
 Heap Region Size: 1M
 Heap Min Capacity: 8M
 Heap Initial Capacity: 124M
 Heap Max Capacity: 1960M
 Pre-touch: Disabled
 Parallel Workers: 8
 Concurrent Workers: 2
 Concurrent Refinement Workers: 8
 Periodic GC: Disabled

Heap:
 garbage-first heap   total 129024K, used 12244K [0x0000000085800000, 0x0000000100000000)
  region size 1024K, 13 young (13312K), 0 survivors (0K)
 Metaspace       used 6638K, committed 6848K, reserved 1056768K
  class space    used 528K, committed 640K, reserved 1048576K

Heap Regions: E=young(eden), S=young(survivor), O=old, HS=humongous(starts), HC=humongous(continues), CS=collection set, F=free, OA=open archive, CA=closed archive, TAMS=top-at-mark-start (previous, next)
|   0|0x0000000085800000, 0x0000000085800000, 0x0000000085900000|  0%| F|  |TAMS 0x0000000085800000, 0x0000000085800000| Untracked 
|   1|0x0000000085900000, 0x0000000085900000, 0x0000000085a00000|  0%| F|  |TAMS 0x0000000085900000, 0x0000000085900000| Untracked 
|   2|0x0000000085a00000, 0x0000000085a00000, 0x0000000085b00000|  0%| F|  |TAMS 0x0000000085a00000, 0x0000000085a00000| Untracked 
|   3|0x0000000085b00000, 0x0000000085b00000, 0x0000000085c00000|  0%| F|  |TAMS 0x0000000085b00000, 0x0000000085b00000| Untracked 
|   4|0x0000000085c00000, 0x0000000085c00000, 0x0000000085d00000|  0%| F|  |TAMS 0x0000000085c00000, 0x0000000085c00000| Untracked 
|   5|0x0000000085d00000, 0x0000000085d00000, 0x0000000085e00000|  0%| F|  |TAMS 0x0000000085d00000, 0x0000000085d00000| Untracked 
|   6|0x0000000085e00000, 0x0000000085e00000, 0x0000000085f00000|  0%| F|  |TAMS 0x0000000085e00000, 0x0000000085e00000| Untracked 
|   7|0x0000000085f00000, 0x0000000085f00000, 0x0000000086000000|  0%| F|  |TAMS 0x0000000085f00000, 0x0000000085f00000| Untracked 
|   8|0x0000000086000000, 0x0000000086000000, 0x0000000086100000|  0%| F|  |TAMS 0x0000000086000000, 0x0000000086000000| Untracked 
|   9|0x0000000086100000, 0x0000000086100000, 0x0000000086200000|  0%| F|  |TAMS 0x0000000086100000, 0x0000000086100000| Untracked 
|  10|0x0000000086200000, 0x0000000086200000, 0x0000000086300000|  0%| F|  |TAMS 0x0000000086200000, 0x0000000086200000| Untracked 
|  11|0x0000000086300000, 0x0000000086300000, 0x0000000086400000|  0%| F|  |TAMS 0x0000000086300000, 0x0000000086300000| Untracked 
|  12|0x0000000086400000, 0x0000000086400000, 0x0000000086500000|  0%| F|  |TAMS 0x0000000086400000, 0x0000000086400000| Untracked 
|  13|0x0000000086500000, 0x0000000086500000, 0x0000000086600000|  0%| F|  |TAMS 0x0000000086500000, 0x0000000086500000| Untracked 
|  14|0x0000000086600000, 0x0000000086600000, 0x0000000086700000|  0%| F|  |TAMS 0x0000000086600000, 0x0000000086600000| Untracked 
|  15|0x0000000086700000, 0x0000000086700000, 0x0000000086800000|  0%| F|  |TAMS 0x0000000086700000, 0x0000000086700000| Untracked 
|  16|0x0000000086800000, 0x0000000086800000, 0x0000000086900000|  0%| F|  |TAMS 0x0000000086800000, 0x0000000086800000| Untracked 
|  17|0x0000000086900000, 0x0000000086900000, 0x0000000086a00000|  0%| F|  |TAMS 0x0000000086900000, 0x0000000086900000| Untracked 
|  18|0x0000000086a00000, 0x0000000086a00000, 0x0000000086b00000|  0%| F|  |TAMS 0x0000000086a00000, 0x0000000086a00000| Untracked 
|  19|0x0000000086b00000, 0x0000000086b00000, 0x0000000086c00000|  0%| F|  |TAMS 0x0000000086b00000, 0x0000000086b00000| Untracked 
|  20|0x0000000086c00000, 0x0000000086c00000, 0x0000000086d00000|  0%| F|  |TAMS 0x0000000086c00000, 0x0000000086c00000| Untracked 
|  21|0x0000000086d00000, 0x0000000086d00000, 0x0000000086e00000|  0%| F|  |TAMS 0x0000000086d00000, 0x0000000086d00000| Untracked 
|  22|0x0000000086e00000, 0x0000000086e00000, 0x0000000086f00000|  0%| F|  |TAMS 0x0000000086e00000, 0x0000000086e00000| Untracked 
|  23|0x0000000086f00000, 0x0000000086f00000, 0x0000000087000000|  0%| F|  |TAMS 0x0000000086f00000, 0x0000000086f00000| Untracked 
|  24|0x0000000087000000, 0x0000000087000000, 0x0000000087100000|  0%| F|  |TAMS 0x0000000087000000, 0x0000000087000000| Untracked 
|  25|0x0000000087100000, 0x0000000087100000, 0x0000000087200000|  0%| F|  |TAMS 0x0000000087100000, 0x0000000087100000| Untracked 
|  26|0x0000000087200000, 0x0000000087200000, 0x0000000087300000|  0%| F|  |TAMS 0x0000000087200000, 0x0000000087200000| Untracked 
|  27|0x0000000087300000, 0x0000000087300000, 0x0000000087400000|  0%| F|  |TAMS 0x0000000087300000, 0x0000000087300000| Untracked 
|  28|0x0000000087400000, 0x0000000087400000, 0x0000000087500000|  0%| F|  |TAMS 0x0000000087400000, 0x0000000087400000| Untracked 
|  29|0x0000000087500000, 0x0000000087500000, 0x0000000087600000|  0%| F|  |TAMS 0x0000000087500000, 0x0000000087500000| Untracked 
|  30|0x0000000087600000, 0x0000000087600000, 0x0000000087700000|  0%| F|  |TAMS 0x0000000087600000, 0x0000000087600000| Untracked 
|  31|0x0000000087700000, 0x0000000087700000, 0x0000000087800000|  0%| F|  |TAMS 0x0000000087700000, 0x0000000087700000| Untracked 
|  32|0x0000000087800000, 0x0000000087800000, 0x0000000087900000|  0%| F|  |TAMS 0x0000000087800000, 0x0000000087800000| Untracked 
|  33|0x0000000087900000, 0x0000000087900000, 0x0000000087a00000|  0%| F|  |TAMS 0x0000000087900000, 0x0000000087900000| Untracked 
|  34|0x0000000087a00000, 0x0000000087a00000, 0x0000000087b00000|  0%| F|  |TAMS 0x0000000087a00000, 0x0000000087a00000| Untracked 
|  35|0x0000000087b00000, 0x0000000087b00000, 0x0000000087c00000|  0%| F|  |TAMS 0x0000000087b00000, 0x0000000087b00000| Untracked 
|  36|0x0000000087c00000, 0x0000000087c00000, 0x0000000087d00000|  0%| F|  |TAMS 0x0000000087c00000, 0x0000000087c00000| Untracked 
|  37|0x0000000087d00000, 0x0000000087d00000, 0x0000000087e00000|  0%| F|  |TAMS 0x0000000087d00000, 0x0000000087d00000| Untracked 
|  38|0x0000000087e00000, 0x0000000087e00000, 0x0000000087f00000|  0%| F|  |TAMS 0x0000000087e00000, 0x0000000087e00000| Untracked 
|  39|0x0000000087f00000, 0x0000000087f00000, 0x0000000088000000|  0%| F|  |TAMS 0x0000000087f00000, 0x0000000087f00000| Untracked 
|  40|0x0000000088000000, 0x0000000088000000, 0x0000000088100000|  0%| F|  |TAMS 0x0000000088000000, 0x0000000088000000| Untracked 
|  41|0x0000000088100000, 0x0000000088100000, 0x0000000088200000|  0%| F|  |TAMS 0x0000000088100000, 0x0000000088100000| Untracked 
|  42|0x0000000088200000, 0x0000000088200000, 0x0000000088300000|  0%| F|  |TAMS 0x0000000088200000, 0x0000000088200000| Untracked 
|  43|0x0000000088300000, 0x0000000088300000, 0x0000000088400000|  0%| F|  |TAMS 0x0000000088300000, 0x0000000088300000| Untracked 
|  44|0x0000000088400000, 0x0000000088400000, 0x0000000088500000|  0%| F|  |TAMS 0x0000000088400000, 0x0000000088400000| Untracked 
|  45|0x0000000088500000, 0x0000000088500000, 0x0000000088600000|  0%| F|  |TAMS 0x0000000088500000, 0x0000000088500000| Untracked 
|  46|0x0000000088600000, 0x0000000088600000, 0x0000000088700000|  0%| F|  |TAMS 0x0000000088600000, 0x0000000088600000| Untracked 
|  47|0x0000000088700000, 0x0000000088700000, 0x0000000088800000|  0%| F|  |TAMS 0x0000000088700000, 0x0000000088700000| Untracked 
|  48|0x0000000088800000, 0x0000000088800000, 0x0000000088900000|  0%| F|  |TAMS 0x0000000088800000, 0x0000000088800000| Untracked 
|  49|0x0000000088900000, 0x0000000088900000, 0x0000000088a00000|  0%| F|  |TAMS 0x0000000088900000, 0x0000000088900000| Untracked 
|  50|0x0000000088a00000, 0x0000000088a00000, 0x0000000088b00000|  0%| F|  |TAMS 0x0000000088a00000, 0x0000000088a00000| Untracked 
|  51|0x0000000088b00000, 0x0000000088b00000, 0x0000000088c00000|  0%| F|  |TAMS 0x0000000088b00000, 0x0000000088b00000| Untracked 
|  52|0x0000000088c00000, 0x0000000088c00000, 0x0000000088d00000|  0%| F|  |TAMS 0x0000000088c00000, 0x0000000088c00000| Untracked 
|  53|0x0000000088d00000, 0x0000000088d00000, 0x0000000088e00000|  0%| F|  |TAMS 0x0000000088d00000, 0x0000000088d00000| Untracked 
|  54|0x0000000088e00000, 0x0000000088e00000, 0x0000000088f00000|  0%| F|  |TAMS 0x0000000088e00000, 0x0000000088e00000| Untracked 
|  55|0x0000000088f00000, 0x0000000088f00000, 0x0000000089000000|  0%| F|  |TAMS 0x0000000088f00000, 0x0000000088f00000| Untracked 
|  56|0x0000000089000000, 0x0000000089000000, 0x0000000089100000|  0%| F|  |TAMS 0x0000000089000000, 0x0000000089000000| Untracked 
|  57|0x0000000089100000, 0x0000000089100000, 0x0000000089200000|  0%| F|  |TAMS 0x0000000089100000, 0x0000000089100000| Untracked 
|  58|0x0000000089200000, 0x0000000089200000, 0x0000000089300000|  0%| F|  |TAMS 0x0000000089200000, 0x0000000089200000| Untracked 
|  59|0x0000000089300000, 0x0000000089300000, 0x0000000089400000|  0%| F|  |TAMS 0x0000000089300000, 0x0000000089300000| Untracked 
|  60|0x0000000089400000, 0x0000000089400000, 0x0000000089500000|  0%| F|  |TAMS 0x0000000089400000, 0x0000000089400000| Untracked 
|  61|0x0000000089500000, 0x0000000089500000, 0x0000000089600000|  0%| F|  |TAMS 0x0000000089500000, 0x0000000089500000| Untracked 
|  62|0x0000000089600000, 0x0000000089600000, 0x0000000089700000|  0%| F|  |TAMS 0x0000000089600000, 0x0000000089600000| Untracked 
|  63|0x0000000089700000, 0x0000000089700000, 0x0000000089800000|  0%| F|  |TAMS 0x0000000089700000, 0x0000000089700000| Untracked 
|  64|0x0000000089800000, 0x0000000089800000, 0x0000000089900000|  0%| F|  |TAMS 0x0000000089800000, 0x0000000089800000| Untracked 
|  65|0x0000000089900000, 0x0000000089900000, 0x0000000089a00000|  0%| F|  |TAMS 0x0000000089900000, 0x0000000089900000| Untracked 
|  66|0x0000000089a00000, 0x0000000089a00000, 0x0000000089b00000|  0%| F|  |TAMS 0x0000000089a00000, 0x0000000089a00000| Untracked 
|  67|0x0000000089b00000, 0x0000000089b00000, 0x0000000089c00000|  0%| F|  |TAMS 0x0000000089b00000, 0x0000000089b00000| Untracked 
|  68|0x0000000089c00000, 0x0000000089c00000, 0x0000000089d00000|  0%| F|  |TAMS 0x0000000089c00000, 0x0000000089c00000| Untracked 
|  69|0x0000000089d00000, 0x0000000089d00000, 0x0000000089e00000|  0%| F|  |TAMS 0x0000000089d00000, 0x0000000089d00000| Untracked 
|  70|0x0000000089e00000, 0x0000000089e00000, 0x0000000089f00000|  0%| F|  |TAMS 0x0000000089e00000, 0x0000000089e00000| Untracked 
|  71|0x0000000089f00000, 0x0000000089f00000, 0x000000008a000000|  0%| F|  |TAMS 0x0000000089f00000, 0x0000000089f00000| Untracked 
|  72|0x000000008a000000, 0x000000008a000000, 0x000000008a100000|  0%| F|  |TAMS 0x000000008a000000, 0x000000008a000000| Untracked 
|  73|0x000000008a100000, 0x000000008a100000, 0x000000008a200000|  0%| F|  |TAMS 0x000000008a100000, 0x000000008a100000| Untracked 
|  74|0x000000008a200000, 0x000000008a200000, 0x000000008a300000|  0%| F|  |TAMS 0x000000008a200000, 0x000000008a200000| Untracked 
|  75|0x000000008a300000, 0x000000008a300000, 0x000000008a400000|  0%| F|  |TAMS 0x000000008a300000, 0x000000008a300000| Untracked 
|  76|0x000000008a400000, 0x000000008a400000, 0x000000008a500000|  0%| F|  |TAMS 0x000000008a400000, 0x000000008a400000| Untracked 
|  77|0x000000008a500000, 0x000000008a500000, 0x000000008a600000|  0%| F|  |TAMS 0x000000008a500000, 0x000000008a500000| Untracked 
|  78|0x000000008a600000, 0x000000008a600000, 0x000000008a700000|  0%| F|  |TAMS 0x000000008a600000, 0x000000008a600000| Untracked 
|  79|0x000000008a700000, 0x000000008a700000, 0x000000008a800000|  0%| F|  |TAMS 0x000000008a700000, 0x000000008a700000| Untracked 
|  80|0x000000008a800000, 0x000000008a800000, 0x000000008a900000|  0%| F|  |TAMS 0x000000008a800000, 0x000000008a800000| Untracked 
|  81|0x000000008a900000, 0x000000008a900000, 0x000000008aa00000|  0%| F|  |TAMS 0x000000008a900000, 0x000000008a900000| Untracked 
|  82|0x000000008aa00000, 0x000000008aa00000, 0x000000008ab00000|  0%| F|  |TAMS 0x000000008aa00000, 0x000000008aa00000| Untracked 
|  83|0x000000008ab00000, 0x000000008ab00000, 0x000000008ac00000|  0%| F|  |TAMS 0x000000008ab00000, 0x000000008ab00000| Untracked 
|  84|0x000000008ac00000, 0x000000008ac00000, 0x000000008ad00000|  0%| F|  |TAMS 0x000000008ac00000, 0x000000008ac00000| Untracked 
|  85|0x000000008ad00000, 0x000000008ad00000, 0x000000008ae00000|  0%| F|  |TAMS 0x000000008ad00000, 0x000000008ad00000| Untracked 
|  86|0x000000008ae00000, 0x000000008ae00000, 0x000000008af00000|  0%| F|  |TAMS 0x000000008ae00000, 0x000000008ae00000| Untracked 
|  87|0x000000008af00000, 0x000000008af00000, 0x000000008b000000|  0%| F|  |TAMS 0x000000008af00000, 0x000000008af00000| Untracked 
|  88|0x000000008b000000, 0x000000008b000000, 0x000000008b100000|  0%| F|  |TAMS 0x000000008b000000, 0x000000008b000000| Untracked 
|  89|0x000000008b100000, 0x000000008b100000, 0x000000008b200000|  0%| F|  |TAMS 0x000000008b100000, 0x000000008b100000| Untracked 
|  90|0x000000008b200000, 0x000000008b200000, 0x000000008b300000|  0%| F|  |TAMS 0x000000008b200000, 0x000000008b200000| Untracked 
|  91|0x000000008b300000, 0x000000008b300000, 0x000000008b400000|  0%| F|  |TAMS 0x000000008b300000, 0x000000008b300000| Untracked 
|  92|0x000000008b400000, 0x000000008b400000, 0x000000008b500000|  0%| F|  |TAMS 0x000000008b400000, 0x000000008b400000| Untracked 
|  93|0x000000008b500000, 0x000000008b500000, 0x000000008b600000|  0%| F|  |TAMS 0x000000008b500000, 0x000000008b500000| Untracked 
|  94|0x000000008b600000, 0x000000008b600000, 0x000000008b700000|  0%| F|  |TAMS 0x000000008b600000, 0x000000008b600000| Untracked 
|  95|0x000000008b700000, 0x000000008b700000, 0x000000008b800000|  0%| F|  |TAMS 0x000000008b700000, 0x000000008b700000| Untracked 
|  96|0x000000008b800000, 0x000000008b800000, 0x000000008b900000|  0%| F|  |TAMS 0x000000008b800000, 0x000000008b800000| Untracked 
|  97|0x000000008b900000, 0x000000008b900000, 0x000000008ba00000|  0%| F|  |TAMS 0x000000008b900000, 0x000000008b900000| Untracked 
|  98|0x000000008ba00000, 0x000000008ba00000, 0x000000008bb00000|  0%| F|  |TAMS 0x000000008ba00000, 0x000000008ba00000| Untracked 
|  99|0x000000008bb00000, 0x000000008bb00000, 0x000000008bc00000|  0%| F|  |TAMS 0x000000008bb00000, 0x000000008bb00000| Untracked 
| 100|0x000000008bc00000, 0x000000008bc00000, 0x000000008bd00000|  0%| F|  |TAMS 0x000000008bc00000, 0x000000008bc00000| Untracked 
| 101|0x000000008bd00000, 0x000000008bd00000, 0x000000008be00000|  0%| F|  |TAMS 0x000000008bd00000, 0x000000008bd00000| Untracked 
| 102|0x000000008be00000, 0x000000008be00000, 0x000000008bf00000|  0%| F|  |TAMS 0x000000008be00000, 0x000000008be00000| Untracked 
| 103|0x000000008bf00000, 0x000000008bf00000, 0x000000008c000000|  0%| F|  |TAMS 0x000000008bf00000, 0x000000008bf00000| Untracked 
| 104|0x000000008c000000, 0x000000008c000000, 0x000000008c100000|  0%| F|  |TAMS 0x000000008c000000, 0x000000008c000000| Untracked 
| 105|0x000000008c100000, 0x000000008c100000, 0x000000008c200000|  0%| F|  |TAMS 0x000000008c100000, 0x000000008c100000| Untracked 
| 106|0x000000008c200000, 0x000000008c200000, 0x000000008c300000|  0%| F|  |TAMS 0x000000008c200000, 0x000000008c200000| Untracked 
| 107|0x000000008c300000, 0x000000008c300000, 0x000000008c400000|  0%| F|  |TAMS 0x000000008c300000, 0x000000008c300000| Untracked 
| 108|0x000000008c400000, 0x000000008c400000, 0x000000008c500000|  0%| F|  |TAMS 0x000000008c400000, 0x000000008c400000| Untracked 
| 109|0x000000008c500000, 0x000000008c500000, 0x000000008c600000|  0%| F|  |TAMS 0x000000008c500000, 0x000000008c500000| Untracked 
| 110|0x000000008c600000, 0x000000008c600000, 0x000000008c700000|  0%| F|  |TAMS 0x000000008c600000, 0x000000008c600000| Untracked 
| 111|0x000000008c700000, 0x000000008c777a98, 0x000000008c800000| 46%| E|  |TAMS 0x000000008c700000, 0x000000008c700000| Complete 
| 112|0x000000008c800000, 0x000000008c900000, 0x000000008c900000|100%| E|CS|TAMS 0x000000008c800000, 0x000000008c800000| Complete 
| 113|0x000000008c900000, 0x000000008ca00000, 0x000000008ca00000|100%| E|CS|TAMS 0x000000008c900000, 0x000000008c900000| Complete 
| 114|0x000000008ca00000, 0x000000008cb00000, 0x000000008cb00000|100%| E|CS|TAMS 0x000000008ca00000, 0x000000008ca00000| Complete 
| 115|0x000000008cb00000, 0x000000008cc00000, 0x000000008cc00000|100%| E|CS|TAMS 0x000000008cb00000, 0x000000008cb00000| Complete 
| 116|0x000000008cc00000, 0x000000008cd00000, 0x000000008cd00000|100%| E|CS|TAMS 0x000000008cc00000, 0x000000008cc00000| Complete 
| 117|0x000000008cd00000, 0x000000008ce00000, 0x000000008ce00000|100%| E|CS|TAMS 0x000000008cd00000, 0x000000008cd00000| Complete 
| 118|0x000000008ce00000, 0x000000008cf00000, 0x000000008cf00000|100%| E|  |TAMS 0x000000008ce00000, 0x000000008ce00000| Complete 
| 119|0x000000008cf00000, 0x000000008d000000, 0x000000008d000000|100%| E|CS|TAMS 0x000000008cf00000, 0x000000008cf00000| Complete 
| 120|0x000000008d000000, 0x000000008d100000, 0x000000008d100000|100%| E|CS|TAMS 0x000000008d000000, 0x000000008d000000| Complete 
| 121|0x000000008d100000, 0x000000008d200000, 0x000000008d200000|100%| E|CS|TAMS 0x000000008d100000, 0x000000008d100000| Complete 
| 122|0x000000008d200000, 0x000000008d300000, 0x000000008d300000|100%| E|CS|TAMS 0x000000008d200000, 0x000000008d200000| Complete 
| 123|0x000000008d300000, 0x000000008d400000, 0x000000008d400000|100%| E|CS|TAMS 0x000000008d300000, 0x000000008d300000| Complete 
|1958|0x00000000ffe00000, 0x00000000ffe75000, 0x00000000fff00000| 45%|OA|  |TAMS 0x00000000ffe00000, 0x00000000ffe00000| Untracked 
|1959|0x00000000fff00000, 0x00000000fff80000, 0x0000000100000000| 50%|CA|  |TAMS 0x00000000fff00000, 0x00000000fff00000| Untracked 

Card table byte_map: [0x00007f6e8481c000,0x00007f6e84bf0000] _byte_map_base: 0x00007f6e843f0000

Marking Bits (Prev, Next): (CMBitMap*) 0x00007f6e80063a70, (CMBitMap*) 0x00007f6e80063ab0
 Prev Bits: [0x00007f6e67941000, 0x00007f6e697e1000)
 Next Bits: [0x00007f6e65aa1000, 0x00007f6e67941000)

Polling page: 0x00007f6e8712b000

Metaspace:

Usage:
  Non-class:      5.97 MB used.
      Class:    528.01 KB used.
       Both:      6.48 MB used.

Virtual space:
  Non-class space:        8.00 MB reserved,       6.06 MB ( 76%) committed,  1 nodes.
      Class space:        1.00 GB reserved,     640.00 KB ( <1%) committed,  1 nodes.
              Both:        1.01 GB reserved,       6.69 MB ( <1%) committed. 

Chunk freelists:
   Non-Class:  960.00 KB
       Class:  3.33 MB
        Both:  4.27 MB

MaxMetaspaceSize: 17179869184.00 GB
CompressedClassSpaceSize: 1.00 GB
 - commit_granule_bytes: 65536.
 - commit_granule_words: 8192.
 - virtual_space_node_default_size: 1048576.
 - enlarge_chunks_in_place: 1.
 - new_chunks_are_fully_committed: 0.
 - uncommit_free_chunks: 1.
 - use_allocation_guard: 0.
 - handle_deallocations: 1.


Internal statistics:

num_allocs_failed_limit: 0.
num_arena_births: 98.
num_arena_deaths: 0.
num_vsnodes_births: 2.
num_vsnodes_deaths: 0.
num_space_committed: 107.
num_space_uncommitted: 0.
num_chunks_returned_to_freelist: 0.
num_chunks_taken_from_freelist: 252.
num_chunk_merges: 0.
num_chunk_splits: 173.
num_chunks_enlarged: 131.
num_purges: 0.

CodeHeap 'non-profiled nmethods': size=120028Kb used=229Kb max_used=229Kb free=119798Kb
 bounds [0x00007f6e712aa000, 0x00007f6e7151a000, 0x00007f6e787e1000]
CodeHeap 'profiled nmethods': size=120028Kb used=1355Kb max_used=1355Kb free=118672Kb
 bounds [0x00007f6e69d73000, 0x00007f6e69fe3000, 0x00007f6e712aa000]
CodeHeap 'non-nmethods': size=5704Kb used=1635Kb max_used=1649Kb free=4068Kb
 bounds [0x00007f6e697e1000, 0x00007f6e69a51000, 0x00007f6e69d73000]
 total_blobs=1793 nmethods=799 adapters=908
 compilation: enabled
              stopped_count=0, restarted_count=0
 full_count=0

Compilation events (20 events):
Event: 0.891 Thread 0x00007f6e8015a280  789       3       jdk.internal.loader.BuiltinClassLoader::isSealed (71 bytes)
Event: 0.893 Thread 0x00007f6e8015a280 nmethod 789 0x00007f6e69ec1510 code [0x00007f6e69ec1940, 0x00007f6e69ec3600]
Event: 0.897 Thread 0x00007f6e80158c20  790       4       sun.misc.Unsafe::putLong (11 bytes)
Event: 0.898 Thread 0x00007f6e80158c20 nmethod 790 0x00007f6e712e2990 code [0x00007f6e712e2b20, 0x00007f6e712e2bb8]
Event: 0.898 Thread 0x00007f6e8015a280  791       1       sun.nio.fs.NativeBuffer::address (5 bytes)
Event: 0.898 Thread 0x00007f6e8015a280 nmethod 791 0x00007f6e712e2c90 code [0x00007f6e712e2e20, 0x00007f6e712e2ef0]
Event: 0.901 Thread 0x00007f6e8015a280  792       3       org.lwjgl.system.MemoryStack::push (38 bytes)
Event: 0.901 Thread 0x00007f6e8015a280 nmethod 792 0x00007f6e69ec4190 code [0x00007f6e69ec4340, 0x00007f6e69ec4500]
Event: 0.901 Thread 0x00007f6e8015a280  793       3       org.lwjgl.system.MemoryStack::close (6 bytes)
Event: 0.901 Thread 0x00007f6e80158c20  796       4       sun.misc.Unsafe::putLong (11 bytes)
Event: 0.901 Thread 0x00007f6e8015a280 nmethod 793 0x00007f6e69ec4610 code [0x00007f6e69ec47c0, 0x00007f6e69ec4980]
Event: 0.901 Thread 0x00007f6e8015a280  794       3       org.lwjgl.system.MemoryStack::pop (22 bytes)
Event: 0.901 Thread 0x00007f6e8015a280 nmethod 794 0x00007f6e69ec4a10 code [0x00007f6e69ec4ba0, 0x00007f6e69ec4cd0]
Event: 0.901 Thread 0x00007f6e8015a280  798       3       java.util.ArrayList::elementData (7 bytes)
Event: 0.901 Thread 0x00007f6e8015a280 nmethod 798 0x00007f6e69ec4d90 code [0x00007f6e69ec4f20, 0x00007f6e69ec5050]
Event: 0.901 Thread 0x00007f6e8015a280  797       3       java.util.ArrayList::get (15 bytes)
Event: 0.901 Thread 0x00007f6e80158c20 nmethod 796 0x00007f6e712e2f90 code [0x00007f6e712e3100, 0x00007f6e712e3178]
Event: 0.902 Thread 0x00007f6e8015a280 nmethod 797 0x00007f6e69ec5110 code [0x00007f6e69ec52e0, 0x00007f6e69ec5600]
Event: 0.902 Thread 0x00007f6e8015a280  795       3       org.lwjgl.system.MemoryStack::stackPush (7 bytes)
Event: 0.902 Thread 0x00007f6e8015a280 nmethod 795 0x00007f6e69ec5810 code [0x00007f6e69ec59e0, 0x00007f6e69ec5db0]

GC Heap History (0 events):
No events

Deoptimization events (8 events):
Event: 0.334 Thread 0x00007f6e80024220 Uncommon trap: trap_request=0xffffff45 fr.pc=0x00007f6e712bd600 relative=0x0000000000000060
Event: 0.334 Thread 0x00007f6e80024220 Uncommon trap: reason=unstable_if action=reinterpret pc=0x00007f6e712bd600 method=java.lang.String.isLatin1()Z @ 10 c2
Event: 0.334 Thread 0x00007f6e80024220 DEOPT PACKING pc=0x00007f6e712bd600 sp=0x00007f6e85b58fc0
Event: 0.334 Thread 0x00007f6e80024220 DEOPT UNPACKING pc=0x00007f6e6982e424 sp=0x00007f6e85b58f80 mode 2
Event: 0.898 Thread 0x00007f6e80024220 Uncommon trap: trap_request=0xffffff5c fr.pc=0x00007f6e712e2b84 relative=0x0000000000000064
Event: 0.898 Thread 0x00007f6e80024220 Uncommon trap: reason=speculate_null_check action=make_not_entrant pc=0x00007f6e712e2b84 method=sun.misc.Unsafe.putLong(Ljava/lang/Object;JJ)V @ 7 c2
Event: 0.898 Thread 0x00007f6e80024220 DEOPT PACKING pc=0x00007f6e712e2b84 sp=0x00007f6e85b5b410
Event: 0.898 Thread 0x00007f6e80024220 DEOPT UNPACKING pc=0x00007f6e6982e424 sp=0x00007f6e85b5b3b8 mode 2

Classes unloaded (0 events):
No events

Classes redefined (0 events):
No events

Internal exceptions (17 events):
Event: 0.233 Thread 0x00007f6e80024220 Exception <a 'java/lang/NoSuchMethodError'{0x000000008d26b778}: 'java.lang.Object java.lang.invoke.DirectMethodHandle$Holder.invokeStatic(java.lang.Object)'> (0x000000008d26b778) 
thrown [open/src/hotspot/share/interpreter/linkResolver.cpp, line 789]
Event: 0.234 Thread 0x00007f6e80024220 Exception <a 'java/lang/NoSuchMethodError'{0x000000008d26eec8}: 'java.lang.Object java.lang.invoke.DirectMethodHandle$Holder.invokeStaticInit(java.lang.Object)'> (0x000000008d26eec8) 
thrown [open/src/hotspot/share/interpreter/linkResolver.cpp, line 789]
Event: 0.253 Thread 0x00007f6e80024220 Exception <a 'java/lang/NoSuchMethodError'{0x000000008d2b4460}: 'void java.lang.invoke.DirectMethodHandle$Holder.invokeStatic(java.lang.Object, java.lang.Object)'> (0x000000008d2b4460) 
thrown [open/src/hotspot/share/interpreter/linkResolver.cpp, line 789]
Event: 0.255 Thread 0x00007f6e80024220 Exception <a 'java/lang/NoSuchMethodError'{0x000000008d2b9890}: 'void java.lang.invoke.DirectMethodHandle$Holder.invokeSpecial(java.lang.Object, java.lang.Object, java.lang.Object)'> (0x000000008d2b9890) 
thrown [open/src/hotspot/share/interpreter/linkResolver.cpp, line 789]
Event: 0.262 Thread 0x00007f6e80024220 Exception <a 'java/lang/NoSuchMethodError'{0x000000008d2cdbb0}: 'java.lang.Object java.lang.invoke.DirectMethodHandle$Holder.invokeStatic(java.lang.Object, java.lang.Object, int)'> (0x000000008d2cdbb0) 
thrown [open/src/hotspot/share/interpreter/linkResolver.cpp, line 789]
Event: 0.265 Thread 0x00007f6e80024220 Exception <a 'java/lang/NoSuchMethodError'{0x000000008d2d9d20}: 'void java.lang.invoke.DelegatingMethodHandle$Holder.delegate(java.lang.Object, java.lang.Object, int, java.lang.Object)'> (0x000000008d2d9d20) 
thrown [open/src/hotspot/share/interpreter/linkResolver.cpp, line 789]
Event: 0.266 Thread 0x00007f6e80024220 Exception <a 'java/lang/NoSuchMethodError'{0x000000008d2de048}: 'int java.lang.invoke.DirectMethodHandle$Holder.invokeSpecial(java.lang.Object, java.lang.Object, java.lang.Object)'> (0x000000008d2de048) 
thrown [open/src/hotspot/share/interpreter/linkResolver.cpp, line 789]
Event: 0.315 Thread 0x00007f6e80024220 Exception <a 'sun/nio/fs/UnixException'{0x000000008d002a80}> (0x000000008d002a80) 
thrown [open/src/hotspot/share/prims/jni.cpp, line 579]
Event: 0.366 Thread 0x00007f6e80024220 Exception <a 'sun/nio/fs/UnixException'{0x000000008cf06c50}> (0x000000008cf06c50) 
thrown [open/src/hotspot/share/prims/jni.cpp, line 579]
Event: 0.484 Thread 0x00007f6e80024220 Exception <a 'java/lang/ClassNotFoundException'{0x000000008cf7f790}: sun/awt/resources/spi/awtProvider> (0x000000008cf7f790) 
thrown [open/src/hotspot/share/classfile/systemDictionary.cpp, line 256]
Event: 0.514 Thread 0x00007f6e80024220 Exception <a 'java/io/FileNotFoundException'{0x000000008cfd8728}> (0x000000008cfd8728) 
thrown [open/src/hotspot/share/prims/jni.cpp, line 579]
Event: 0.525 Thread 0x00007f6e80024220 Exception <a 'java/io/FileNotFoundException'{0x000000008ce074d0}> (0x000000008ce074d0) 
thrown [open/src/hotspot/share/prims/jni.cpp, line 579]
Event: 0.608 Thread 0x00007f6e80024220 Exception <a 'sun/nio/fs/UnixException'{0x000000008cdbc580}> (0x000000008cdbc580) 
thrown [open/src/hotspot/share/prims/jni.cpp, line 579]
Event: 0.630 Thread 0x00007f6e80024220 Exception <a 'java/lang/NoSuchMethodError'{0x000000008cddbef8}: 'java.lang.Object java.lang.invoke.DirectMethodHandle$Holder.newInvokeSpecial(java.lang.Object, long)'> (0x000000008cddbef8) 
thrown [open/src/hotspot/share/interpreter/linkResolver.cpp, line 789]
Event: 0.697 Thread 0x00007f6e80024220 Exception <a 'java/lang/NoSuchMethodError'{0x000000008cb8cbd0}: 'java.lang.Object java.lang.invoke.DirectMethodHandle$Holder.newInvokeSpecial(java.lang.Object, long, long)'> (0x000000008cb8cbd0) 
thrown [open/src/hotspot/share/interpreter/linkResolver.cpp, line 789]
Event: 0.727 Thread 0x00007f6e80024220 Exception <a 'sun/nio/fs/UnixException'{0x000000008caf0d60}> (0x000000008caf0d60) 
thrown [open/src/hotspot/share/prims/jni.cpp, line 579]
Event: 0.797 Thread 0x00007f6e80024220 Exception <a 'sun/nio/fs/UnixException'{0x000000008c84eeb0}> (0x000000008c84eeb0) 
thrown [open/src/hotspot/share/prims/jni.cpp, line 579]

Events (20 events):
Event: 0.575 loading class java/awt/ImageCapabilities done
Event: 0.575 loading class java/awt/Image$1
Event: 0.575 loading class sun/awt/image/SurfaceManager$ImageAccessor
Event: 0.575 loading class sun/awt/image/SurfaceManager$ImageAccessor done
Event: 0.575 loading class java/awt/Image$1 done
Event: 0.575 loading class sun/awt/image/SurfaceManager
Event: 0.575 loading class sun/awt/image/SurfaceManager done
Event: 0.575 loading class java/awt/image/BufferedImage$1
Event: 0.575 loading class java/awt/image/BufferedImage$1 done
Event: 0.575 loading class sun/awt/image/IntegerComponentRaster
Event: 0.575 loading class sun/awt/image/IntegerComponentRaster done
Event: 0.575 loading class java/awt/image/IndexColorModel
Event: 0.575 loading class java/awt/image/IndexColorModel done
Event: 0.576 loading class sun/awt/image/ShortComponentRaster
Event: 0.576 loading class sun/awt/image/ShortComponentRaster done
Event: 0.576 loading class com/sun/imageio/plugins/common/ReaderUtil
Event: 0.576 loading class com/sun/imageio/plugins/common/ReaderUtil done
Event: 0.727 Loaded shared library /tmp/lwjglmrodier/3.2.3-build-13/liblwjgl_vma.so
Event: 0.734 loading class java/lang/invoke/DirectMethodHandle$Special
Event: 0.735 loading class java/lang/invoke/DirectMethodHandle$Special done


Dynamic libraries:
85800000-8d400000 rw-p 00000000 00:00 0 
8d400000-ffe00000 ---p 00000000 00:00 0 
ffe00000-ffe75000 rw-p 00c79000 08:03 34604255                           /home/mrodier/Apps/jdk-16.0.2/lib/server/classes.jsa
ffe75000-fff00000 rw-p 00000000 00:00 0 
fff00000-fff80000 rw-p 00bf9000 08:03 34604255                           /home/mrodier/Apps/jdk-16.0.2/lib/server/classes.jsa
fff80000-100000000 rw-p 00000000 00:00 0 
800000000-800003000 rwxp 00001000 08:03 34604255                         /home/mrodier/Apps/jdk-16.0.2/lib/server/classes.jsa
800003000-800bc1000 rw-p 00004000 08:03 34604255                         /home/mrodier/Apps/jdk-16.0.2/lib/server/classes.jsa
800bc1000-800c00000 ---p 00000000 00:00 0 
800c00000-800c30000 rw-p 00000000 00:00 0 
800c30000-800c40000 ---p 00000000 00:00 0 
800c40000-800cb0000 rw-p 00000000 00:00 0 
800cb0000-840c00000 ---p 00000000 00:00 0 
563d97f32000-563d97f33000 r-xp 00000000 08:03 34603774                   /home/mrodier/Apps/jdk-16.0.2/bin/java
563d97f34000-563d97f35000 r--p 00001000 08:03 34603774                   /home/mrodier/Apps/jdk-16.0.2/bin/java
563d97f35000-563d97f36000 rw-p 00002000 08:03 34603774                   /home/mrodier/Apps/jdk-16.0.2/bin/java
563d980fa000-563d9811b000 rw-p 00000000 00:00 0                          [heap]
7f6de8000000-7f6de8021000 rw-p 00000000 00:00 0 
7f6de8021000-7f6dec000000 ---p 00000000 00:00 0 
7f6df0000000-7f6df0021000 rw-p 00000000 00:00 0 
7f6df0021000-7f6df4000000 ---p 00000000 00:00 0 
7f6df4000000-7f6df4021000 rw-p 00000000 00:00 0 
7f6df4021000-7f6df8000000 ---p 00000000 00:00 0 
7f6df8000000-7f6df8021000 rw-p 00000000 00:00 0 
7f6df8021000-7f6dfc000000 ---p 00000000 00:00 0 
7f6dfc000000-7f6dfc021000 rw-p 00000000 00:00 0 
7f6dfc021000-7f6e00000000 ---p 00000000 00:00 0 
7f6e02870000-7f6e02db2000 r-xp 00000000 00:40 236                        /tmp/lwjglmrodier/3.2.3-build-13/libshaderc.so
7f6e02db2000-7f6e02fb2000 ---p 00542000 00:40 236                        /tmp/lwjglmrodier/3.2.3-build-13/libshaderc.so
7f6e02fb2000-7f6e02fe9000 r--p 00542000 00:40 236                        /tmp/lwjglmrodier/3.2.3-build-13/libshaderc.so
7f6e02fe9000-7f6e02ff1000 rw-p 00579000 00:40 236                        /tmp/lwjglmrodier/3.2.3-build-13/libshaderc.so
7f6e02ff1000-7f6e02ffe000 rw-p 00000000 00:00 0 
7f6e02ffe000-7f6e02fff000 ---p 00000000 00:00 0 
7f6e02fff000-7f6e037ff000 rw-p 00000000 00:00 0 
7f6e037ff000-7f6e03800000 ---p 00000000 00:00 0 
7f6e03800000-7f6e04000000 rw-p 00000000 00:00 0 
7f6e04000000-7f6e04021000 rw-p 00000000 00:00 0 
7f6e04021000-7f6e08000000 ---p 00000000 00:00 0 
7f6e08241000-7f6e0825f000 r-xp 00000000 00:40 235                        /tmp/lwjglmrodier/3.2.3-build-13/liblwjgl_vma.so
7f6e0825f000-7f6e0845f000 ---p 0001e000 00:40 235                        /tmp/lwjglmrodier/3.2.3-build-13/liblwjgl_vma.so
7f6e0845f000-7f6e08460000 r--p 0001e000 00:40 235                        /tmp/lwjglmrodier/3.2.3-build-13/liblwjgl_vma.so
7f6e08460000-7f6e08461000 rw-p 0001f000 00:40 235                        /tmp/lwjglmrodier/3.2.3-build-13/liblwjgl_vma.so
7f6e08461000-7f6e084a1000 rw-s 11b6ed000 00:0d 14454                     anon_inode:i915.gem
7f6e084a1000-7f6e084b1000 rw-s 10ef77000 00:0d 14454                     anon_inode:i915.gem
7f6e084b1000-7f6e084c1000 rw-s 100251000 00:0d 14454                     anon_inode:i915.gem
7f6e084c1000-7f6e08501000 rw-s 11565e000 00:0d 14454                     anon_inode:i915.gem
7f6e08501000-7f6e08541000 rw-s 00000000 00:01 2816                       /memfd:state table (deleted)
7f6e08541000-7f6e08561000 rw-s 00000000 00:01 2816                       /memfd:state table (deleted)
7f6e08561000-7f6e08562000 ---p 00000000 00:00 0 
7f6e08562000-7f6e08d62000 rw-p 00000000 00:00 0 
7f6e08d62000-7f6e08d63000 ---p 00000000 00:00 0 
7f6e08d63000-7f6e09563000 rw-p 00000000 00:00 0 
7f6e09563000-7f6e09564000 ---p 00000000 00:00 0 
7f6e09564000-7f6e09d64000 rw-p 00000000 00:00 0 
7f6e09d64000-7f6e09ea5000 rw-s 00000000 08:03 34603349                   /home/mrodier/.var/app/com.visualstudio.code/cache/mesa_shader_cache/index
7f6e09ea5000-7f6e09eb4000 r--p 00000000 08:03 33561525                   /usr/lib/x86_64-linux-gnu/GL/default/lib/libVkLayer_MESA_device_select.so
7f6e09eb4000-7f6e09ed7000 r-xp 0000f000 08:03 33561525                   /usr/lib/x86_64-linux-gnu/GL/default/lib/libVkLayer_MESA_device_select.so
7f6e09ed7000-7f6e09f08000 r--p 00032000 08:03 33561525                   /usr/lib/x86_64-linux-gnu/GL/default/lib/libVkLayer_MESA_device_select.so
7f6e09f08000-7f6e09f09000 ---p 00063000 08:03 33561525                   /usr/lib/x86_64-linux-gnu/GL/default/lib/libVkLayer_MESA_device_select.so
7f6e09f09000-7f6e09f0b000 r--p 00063000 08:03 33561525                   /usr/lib/x86_64-linux-gnu/GL/default/lib/libVkLayer_MESA_device_select.so
7f6e09f0b000-7f6e09f0c000 rw-p 00065000 08:03 33561525                   /usr/lib/x86_64-linux-gnu/GL/default/lib/libVkLayer_MESA_device_select.so
7f6e09f0c000-7f6e09f12000 rw-p 00000000 00:00 0 
7f6e09f12000-7f6e09f40000 r--p 00000000 08:03 33720838                   /usr/lib/x86_64-linux-gnu/libSPIRV-Tools.so
7f6e09f40000-7f6e09ff9000 r-xp 0002e000 08:03 33720838                   /usr/lib/x86_64-linux-gnu/libSPIRV-Tools.so
7f6e09ff9000-7f6e0a036000 r--p 000e7000 08:03 33720838                   /usr/lib/x86_64-linux-gnu/libSPIRV-Tools.so
7f6e0a036000-7f6e0a037000 ---p 00124000 08:03 33720838                   /usr/lib/x86_64-linux-gnu/libSPIRV-Tools.so
7f6e0a037000-7f6e0a06a000 r--p 00124000 08:03 33720838                   /usr/lib/x86_64-linux-gnu/libSPIRV-Tools.so
7f6e0a06a000-7f6e0a06b000 rw-p 00157000 08:03 33720838                   /usr/lib/x86_64-linux-gnu/libSPIRV-Tools.so
7f6e0a06b000-7f6e0a0d3000 r--p 00000000 08:03 33720854                   /usr/lib/x86_64-linux-gnu/libSPIRV-Tools-opt.so
7f6e0a0d3000-7f6e0a2ac000 r-xp 00068000 08:03 33720854                   /usr/lib/x86_64-linux-gnu/libSPIRV-Tools-opt.so
7f6e0a2ac000-7f6e0a307000 r--p 00241000 08:03 33720854                   /usr/lib/x86_64-linux-gnu/libSPIRV-Tools-opt.so
7f6e0a307000-7f6e0a308000 ---p 0029c000 08:03 33720854                   /usr/lib/x86_64-linux-gnu/libSPIRV-Tools-opt.so
7f6e0a308000-7f6e0a311000 r--p 0029c000 08:03 33720854                   /usr/lib/x86_64-linux-gnu/libSPIRV-Tools-opt.so
7f6e0a311000-7f6e0a312000 rw-p 002a5000 08:03 33720854                   /usr/lib/x86_64-linux-gnu/libSPIRV-Tools-opt.so
7f6e0a312000-7f6e0adca000 r--p 00000000 08:03 33720898                   /usr/lib/x86_64-linux-gnu/libVkLayer_khronos_validation.so
7f6e0adca000-7f6e0b3c5000 r-xp 00ab8000 08:03 33720898                   /usr/lib/x86_64-linux-gnu/libVkLayer_khronos_validation.so
7f6e0b3c5000-7f6e0b703000 r--p 010b3000 08:03 33720898                   /usr/lib/x86_64-linux-gnu/libVkLayer_khronos_validation.so
7f6e0b703000-7f6e0b704000 ---p 013f1000 08:03 33720898                   /usr/lib/x86_64-linux-gnu/libVkLayer_khronos_validation.so
7f6e0b704000-7f6e0ba95000 r--p 013f1000 08:03 33720898                   /usr/lib/x86_64-linux-gnu/libVkLayer_khronos_validation.so
7f6e0ba95000-7f6e0ba98000 rw-p 01782000 08:03 33720898                   /usr/lib/x86_64-linux-gnu/libVkLayer_khronos_validation.so
7f6e0ba98000-7f6e0baa3000 rw-p 00000000 00:00 0 
7f6e0baa3000-7f6e0bc04000 r--p 00000000 08:03 33561261                   /usr/lib/x86_64-linux-gnu/GL/default/lib/libvulkan_intel.so
7f6e0bc04000-7f6e0c1bb000 r-xp 00161000 08:03 33561261                   /usr/lib/x86_64-linux-gnu/GL/default/lib/libvulkan_intel.so
7f6e0c1bb000-7f6e0c343000 r--p 00718000 08:03 33561261                   /usr/lib/x86_64-linux-gnu/GL/default/lib/libvulkan_intel.so
7f6e0c343000-7f6e0c438000 r--p 0089f000 08:03 33561261                   /usr/lib/x86_64-linux-gnu/GL/default/lib/libvulkan_intel.so
7f6e0c438000-7f6e0c563000 rw-p 00994000 08:03 33561261                   /usr/lib/x86_64-linux-gnu/GL/default/lib/libvulkan_intel.so
7f6e0c563000-7f6e0c5c6000 rw-p 00000000 00:00 0 
7f6e0c5c6000-7f6e0cc8b000 r--p 00000000 08:03 33557988                   /usr/lib/x86_64-linux-gnu/GL/default/lib/libLLVM-11.so
7f6e0cc8b000-7f6e0ed06000 r-xp 006c5000 08:03 33557988                   /usr/lib/x86_64-linux-gnu/GL/default/lib/libLLVM-11.so
7f6e0ed06000-7f6e0fd1a000 r--p 02740000 08:03 33557988                   /usr/lib/x86_64-linux-gnu/GL/default/lib/libLLVM-11.so
7f6e0fd1a000-7f6e0ffa2000 r--p 03753000 08:03 33557988                   /usr/lib/x86_64-linux-gnu/GL/default/lib/libLLVM-11.so
7f6e0ffa2000-7f6e0ffa9000 rw-p 039db000 08:03 33557988                   /usr/lib/x86_64-linux-gnu/GL/default/lib/libLLVM-11.so
7f6e0ffa9000-7f6e10000000 rw-p 00000000 00:00 0 
7f6e10000000-7f6e10021000 rw-p 00000000 00:00 0 
7f6e10021000-7f6e14000000 ---p 00000000 00:00 0 
7f6e14000000-7f6e14021000 rw-p 00000000 00:00 0 
7f6e14021000-7f6e18000000 ---p 00000000 00:00 0 
7f6e18000000-7f6e18021000 rw-p 00000000 00:00 0 
7f6e18021000-7f6e1c000000 ---p 00000000 00:00 0 
7f6e1c000000-7f6e1c021000 rw-p 00000000 00:00 0 
7f6e1c021000-7f6e20000000 ---p 00000000 00:00 0 
7f6e20000000-7f6e20021000 rw-p 00000000 00:00 0 
7f6e20021000-7f6e24000000 ---p 00000000 00:00 0 
7f6e24000000-7f6e24021000 rw-p 00000000 00:00 0 
7f6e24021000-7f6e28000000 ---p 00000000 00:00 0 
7f6e28000000-7f6e28361000 rw-p 00000000 00:00 0 
7f6e28361000-7f6e2c000000 ---p 00000000 00:00 0 
7f6e2c000000-7f6e2c021000 rw-p 00000000 00:00 0 
7f6e2c021000-7f6e30000000 ---p 00000000 00:00 0 
7f6e30000000-7f6e30021000 rw-p 00000000 00:00 0 
7f6e30021000-7f6e34000000 ---p 00000000 00:00 0 
7f6e34000000-7f6e341f4000 rw-p 00000000 00:00 0 
7f6e341f4000-7f6e38000000 ---p 00000000 00:00 0 
7f6e38000000-7f6e38021000 rw-p 00000000 00:00 0 
7f6e38021000-7f6e3c000000 ---p 00000000 00:00 0 
7f6e3c000000-7f6e3c021000 rw-p 00000000 00:00 0 
7f6e3c021000-7f6e40000000 ---p 00000000 00:00 0 
7f6e40000000-7f6e40021000 rw-p 00000000 00:00 0 
7f6e40021000-7f6e44000000 ---p 00000000 00:00 0 
7f6e44000000-7f6e44021000 rw-p 00000000 00:00 0 
7f6e44021000-7f6e48000000 ---p 00000000 00:00 0 
7f6e48000000-7f6e48021000 rw-p 00000000 00:00 0 
7f6e48021000-7f6e4c000000 ---p 00000000 00:00 0 
7f6e4c000000-7f6e4c021000 rw-p 00000000 00:00 0 
7f6e4c021000-7f6e50000000 ---p 00000000 00:00 0 
7f6e50000000-7f6e50021000 rw-p 00000000 00:00 0 
7f6e50021000-7f6e54000000 ---p 00000000 00:00 0 
7f6e54001000-7f6e54011000 rw-s 00000000 00:01 2816                       /memfd:state table (deleted)
7f6e54011000-7f6e54051000 rw-s 115612000 00:0d 14454                     anon_inode:i915.gem
7f6e54051000-7f6e54055000 ---p 00000000 00:00 0 
7f6e54055000-7f6e54152000 rw-p 00000000 00:00 0 
7f6e54152000-7f6e541f9000 r-xp 00000000 08:03 34604212                   /home/mrodier/Apps/jdk-16.0.2/lib/libawt.so
7f6e541f9000-7f6e541fa000 ---p 000a7000 08:03 34604212                   /home/mrodier/Apps/jdk-16.0.2/lib/libawt.so
7f6e541fa000-7f6e541fc000 r--p 000a7000 08:03 34604212                   /home/mrodier/Apps/jdk-16.0.2/lib/libawt.so
7f6e541fc000-7f6e54207000 rw-p 000a9000 08:03 34604212                   /home/mrodier/Apps/jdk-16.0.2/lib/libawt.so
7f6e54207000-7f6e5422c000 rw-p 00000000 00:00 0 
7f6e5422c000-7f6e5423b000 r--p 00000000 08:03 33706735                   /usr/lib/x86_64-linux-gnu/libtinfo.so.6.2
7f6e5423b000-7f6e54253000 r-xp 0000f000 08:03 33706735                   /usr/lib/x86_64-linux-gnu/libtinfo.so.6.2
7f6e54253000-7f6e54263000 r--p 00027000 08:03 33706735                   /usr/lib/x86_64-linux-gnu/libtinfo.so.6.2
7f6e54263000-7f6e54264000 ---p 00037000 08:03 33706735                   /usr/lib/x86_64-linux-gnu/libtinfo.so.6.2
7f6e54264000-7f6e54268000 r--p 00037000 08:03 33706735                   /usr/lib/x86_64-linux-gnu/libtinfo.so.6.2
7f6e54268000-7f6e54269000 rw-p 0003b000 08:03 33706735                   /usr/lib/x86_64-linux-gnu/libtinfo.so.6.2
7f6e54269000-7f6e5426b000 r--p 00000000 08:03 33700043                   /usr/lib/x86_64-linux-gnu/libffi.so.7.1.0
7f6e5426b000-7f6e54271000 r-xp 00002000 08:03 33700043                   /usr/lib/x86_64-linux-gnu/libffi.so.7.1.0
7f6e54271000-7f6e54273000 r--p 00008000 08:03 33700043                   /usr/lib/x86_64-linux-gnu/libffi.so.7.1.0
7f6e54273000-7f6e54274000 r--p 00009000 08:03 33700043                   /usr/lib/x86_64-linux-gnu/libffi.so.7.1.0
7f6e54274000-7f6e54275000 rw-p 0000a000 08:03 33700043                   /usr/lib/x86_64-linux-gnu/libffi.so.7.1.0
7f6e54275000-7f6e54278000 r--p 00000000 08:03 33694210                   /usr/lib/x86_64-linux-gnu/libgcc_s.so.1
7f6e54278000-7f6e5428a000 r-xp 00003000 08:03 33694210                   /usr/lib/x86_64-linux-gnu/libgcc_s.so.1
7f6e5428a000-7f6e5428e000 r--p 00015000 08:03 33694210                   /usr/lib/x86_64-linux-gnu/libgcc_s.so.1
7f6e5428e000-7f6e5428f000 r--p 00018000 08:03 33694210                   /usr/lib/x86_64-linux-gnu/libgcc_s.so.1
7f6e5428f000-7f6e54290000 rw-p 00019000 08:03 33694210                   /usr/lib/x86_64-linux-gnu/libgcc_s.so.1
7f6e54290000-7f6e5432e000 r--p 00000000 08:03 33720937                   /usr/lib/x86_64-linux-gnu/libstdc++.so.6.0.28
7f6e5432e000-7f6e54426000 r-xp 0009e000 08:03 33720937                   /usr/lib/x86_64-linux-gnu/libstdc++.so.6.0.28
7f6e54426000-7f6e54476000 r--p 00196000 08:03 33720937                   /usr/lib/x86_64-linux-gnu/libstdc++.so.6.0.28
7f6e54476000-7f6e54477000 ---p 001e6000 08:03 33720937                   /usr/lib/x86_64-linux-gnu/libstdc++.so.6.0.28
7f6e54477000-7f6e54482000 r--p 001e6000 08:03 33720937                   /usr/lib/x86_64-linux-gnu/libstdc++.so.6.0.28
7f6e54482000-7f6e54485000 rw-p 001f1000 08:03 33720937                   /usr/lib/x86_64-linux-gnu/libstdc++.so.6.0.28
7f6e54485000-7f6e54488000 rw-p 00000000 00:00 0 
7f6e54488000-7f6e5448d000 r--p 00000000 08:03 33701296                   /usr/lib/x86_64-linux-gnu/libdrm.so.2.4.0
7f6e5448d000-7f6e54498000 r-xp 00005000 08:03 33701296                   /usr/lib/x86_64-linux-gnu/libdrm.so.2.4.0
7f6e54498000-7f6e5449c000 r--p 00010000 08:03 33701296                   /usr/lib/x86_64-linux-gnu/libdrm.so.2.4.0
7f6e5449c000-7f6e5449d000 r--p 00013000 08:03 33701296                   /usr/lib/x86_64-linux-gnu/libdrm.so.2.4.0
7f6e5449d000-7f6e5449e000 rw-p 00014000 08:03 33701296                   /usr/lib/x86_64-linux-gnu/libdrm.so.2.4.0
7f6e5449e000-7f6e5449f000 r--p 00000000 08:03 33712353                   /usr/lib/x86_64-linux-gnu/libxshmfence.so.1.0.0
7f6e5449f000-7f6e544a0000 r-xp 00001000 08:03 33712353                   /usr/lib/x86_64-linux-gnu/libxshmfence.so.1.0.0
7f6e544a0000-7f6e544a1000 r--p 00002000 08:03 33712353                   /usr/lib/x86_64-linux-gnu/libxshmfence.so.1.0.0
7f6e544a1000-7f6e544a2000 r--p 00002000 08:03 33712353                   /usr/lib/x86_64-linux-gnu/libxshmfence.so.1.0.0
7f6e544a2000-7f6e544a3000 rw-p 00003000 08:03 33712353                   /usr/lib/x86_64-linux-gnu/libxshmfence.so.1.0.0
7f6e544a3000-7f6e544ab000 r--p 00000000 08:03 33716246                   /usr/lib/x86_64-linux-gnu/libxcb-randr.so.0.1.0
7f6e544ab000-7f6e544b1000 r-xp 00008000 08:03 33716246                   /usr/lib/x86_64-linux-gnu/libxcb-randr.so.0.1.0
7f6e544b1000-7f6e544b4000 r--p 0000e000 08:03 33716246                   /usr/lib/x86_64-linux-gnu/libxcb-randr.so.0.1.0
7f6e544b4000-7f6e544b5000 ---p 00011000 08:03 33716246                   /usr/lib/x86_64-linux-gnu/libxcb-randr.so.0.1.0
7f6e544b5000-7f6e544b6000 r--p 00011000 08:03 33716246                   /usr/lib/x86_64-linux-gnu/libxcb-randr.so.0.1.0
7f6e544b6000-7f6e544b7000 rw-p 00012000 08:03 33716246                   /usr/lib/x86_64-linux-gnu/libxcb-randr.so.0.1.0
7f6e544b7000-7f6e544ba000 r--p 00000000 08:03 33703886                   /usr/lib/x86_64-linux-gnu/libxcb-sync.so.1.0.0
7f6e544ba000-7f6e544bd000 r-xp 00003000 08:03 33703886                   /usr/lib/x86_64-linux-gnu/libxcb-sync.so.1.0.0
7f6e544bd000-7f6e544be000 r--p 00006000 08:03 33703886                   /usr/lib/x86_64-linux-gnu/libxcb-sync.so.1.0.0
7f6e544be000-7f6e544bf000 ---p 00007000 08:03 33703886                   /usr/lib/x86_64-linux-gnu/libxcb-sync.so.1.0.0
7f6e544bf000-7f6e544c0000 r--p 00007000 08:03 33703886                   /usr/lib/x86_64-linux-gnu/libxcb-sync.so.1.0.0
7f6e544c0000-7f6e544c1000 rw-p 00008000 08:03 33703886                   /usr/lib/x86_64-linux-gnu/libxcb-sync.so.1.0.0
7f6e544c1000-7f6e544c2000 r--p 00000000 08:03 33699169                   /usr/lib/x86_64-linux-gnu/libxcb-present.so.0.0.0
7f6e544c2000-7f6e544c3000 r-xp 00001000 08:03 33699169                   /usr/lib/x86_64-linux-gnu/libxcb-present.so.0.0.0
7f6e544c3000-7f6e544c4000 r--p 00002000 08:03 33699169                   /usr/lib/x86_64-linux-gnu/libxcb-present.so.0.0.0
7f6e544c4000-7f6e544c5000 r--p 00002000 08:03 33699169                   /usr/lib/x86_64-linux-gnu/libxcb-present.so.0.0.0
7f6e544c5000-7f6e544c6000 rw-p 00003000 08:03 33699169                   /usr/lib/x86_64-linux-gnu/libxcb-present.so.0.0.0
7f6e544c6000-7f6e544ca000 r--p 00000000 08:03 33698831                   /usr/lib/x86_64-linux-gnu/libexpat.so.1.7.0
7f6e544ca000-7f6e544e7000 r-xp 00004000 08:03 33698831                   /usr/lib/x86_64-linux-gnu/libexpat.so.1.7.0
7f6e544e7000-7f6e544f1000 r--p 00021000 08:03 33698831                   /usr/lib/x86_64-linux-gnu/libexpat.so.1.7.0
7f6e544f1000-7f6e544f2000 ---p 0002b000 08:03 33698831                   /usr/lib/x86_64-linux-gnu/libexpat.so.1.7.0
7f6e544f2000-7f6e544f4000 r--p 0002b000 08:03 33698831                   /usr/lib/x86_64-linux-gnu/libexpat.so.1.7.0
7f6e544f4000-7f6e544f5000 rw-p 0002d000 08:03 33698831                   /usr/lib/x86_64-linux-gnu/libexpat.so.1.7.0
7f6e544f5000-7f6e544fb000 r--p 00000000 08:03 33720692                   /usr/lib/x86_64-linux-gnu/libwayland-client.so.0.3.0
7f6e544fb000-7f6e54501000 r-xp 00006000 08:03 33720692                   /usr/lib/x86_64-linux-gnu/libwayland-client.so.0.3.0
7f6e54501000-7f6e54504000 r--p 0000c000 08:03 33720692                   /usr/lib/x86_64-linux-gnu/libwayland-client.so.0.3.0
7f6e54504000-7f6e54506000 r--p 0000e000 08:03 33720692                   /usr/lib/x86_64-linux-gnu/libwayland-client.so.0.3.0
7f6e54506000-7f6e54507000 rw-p 00010000 08:03 33720692                   /usr/lib/x86_64-linux-gnu/libwayland-client.so.0.3.0
7f6e54507000-7f6e54509000 r--p 00000000 08:03 33708815                   /usr/lib/x86_64-linux-gnu/libxcb-dri3.so.0.0.0
7f6e54509000-7f6e5450b000 r-xp 00002000 08:03 33708815                   /usr/lib/x86_64-linux-gnu/libxcb-dri3.so.0.0.0
7f6e5450b000-7f6e5450c000 r--p 00004000 08:03 33708815                   /usr/lib/x86_64-linux-gnu/libxcb-dri3.so.0.0.0
7f6e5450c000-7f6e5450d000 r--p 00004000 08:03 33708815                   /usr/lib/x86_64-linux-gnu/libxcb-dri3.so.0.0.0
7f6e5450d000-7f6e5450e000 rw-p 00005000 08:03 33708815                   /usr/lib/x86_64-linux-gnu/libxcb-dri3.so.0.0.0
7f6e5450e000-7f6e54512000 r--p 00000000 08:03 33706376                   /usr/lib/x86_64-linux-gnu/libelf-0.180.so
7f6e54512000-7f6e54523000 r-xp 00004000 08:03 33706376                   /usr/lib/x86_64-linux-gnu/libelf-0.180.so
7f6e54523000-7f6e54528000 r--p 00015000 08:03 33706376                   /usr/lib/x86_64-linux-gnu/libelf-0.180.so
7f6e54528000-7f6e54529000 r--p 00019000 08:03 33706376                   /usr/lib/x86_64-linux-gnu/libelf-0.180.so
7f6e54529000-7f6e5452a000 rw-p 0001a000 08:03 33706376                   /usr/lib/x86_64-linux-gnu/libelf-0.180.so
7f6e5452a000-7f6e5452d000 r--p 00000000 08:03 33561498                   /usr/lib/x86_64-linux-gnu/GL/default/lib/libdrm_amdgpu.so.1.0.0
7f6e5452d000-7f6e54532000 r-xp 00003000 08:03 33561498                   /usr/lib/x86_64-linux-gnu/GL/default/lib/libdrm_amdgpu.so.1.0.0
7f6e54532000-7f6e54534000 r--p 00008000 08:03 33561498                   /usr/lib/x86_64-linux-gnu/GL/default/lib/libdrm_amdgpu.so.1.0.0
7f6e54534000-7f6e54535000 r--p 00009000 08:03 33561498                   /usr/lib/x86_64-linux-gnu/GL/default/lib/libdrm_amdgpu.so.1.0.0
7f6e54535000-7f6e54536000 rw-p 0000a000 08:03 33561498                   /usr/lib/x86_64-linux-gnu/GL/default/lib/libdrm_amdgpu.so.1.0.0
7f6e54536000-7f6e5466f000 r--p 00000000 08:03 33557952                   /usr/lib/x86_64-linux-gnu/GL/default/lib/libvulkan_radeon.so
7f6e5466f000-7f6e54a71000 r-xp 00139000 08:03 33557952                   /usr/lib/x86_64-linux-gnu/GL/default/lib/libvulkan_radeon.so
7f6e54a71000-7f6e54bc2000 r--p 0053b000 08:03 33557952                   /usr/lib/x86_64-linux-gnu/GL/default/lib/libvulkan_radeon.so
7f6e54bc2000-7f6e54bc3000 ---p 0068c000 08:03 33557952                   /usr/lib/x86_64-linux-gnu/GL/default/lib/libvulkan_radeon.so
7f6e54bc3000-7f6e54c92000 r--p 0068c000 08:03 33557952                   /usr/lib/x86_64-linux-gnu/GL/default/lib/libvulkan_radeon.so
7f6e54c92000-7f6e54dc4000 rw-p 0075b000 08:03 33557952                   /usr/lib/x86_64-linux-gnu/GL/default/lib/libvulkan_radeon.so
7f6e54dc4000-7f6e54e27000 rw-p 00000000 00:00 0 
7f6e54e27000-7f6e54e29000 rw-s 10ef87000 00:0d 14454                     anon_inode:i915.gem
7f6e54e29000-7f6e54e2b000 rw-s 100dc4000 00:0d 14454                     anon_inode:i915.gem
7f6e54e2b000-7f6e54e2d000 rw-s 11a09d000 00:0d 14454                     anon_inode:i915.gem
7f6e54e2d000-7f6e54e2e000 rw-s 00000000 00:01 2817                       /memfd:state table (deleted)
7f6e54e2e000-7f6e54e30000 rw-s 10efa7000 00:0d 14454                     anon_inode:i915.gem
7f6e54e30000-7f6e54e31000 rw-s 00000000 00:01 2822                       /memfd:xshmfence (deleted)
7f6e54e31000-7f6e54e32000 rw-s 00000000 00:01 2821                       /memfd:xshmfence (deleted)
7f6e54e32000-7f6e54e33000 rw-s 00000000 00:01 2820                       /memfd:xshmfence (deleted)
7f6e54e33000-7f6e54e34000 rw-s 1101b5000 00:0d 14454                     anon_inode:i915.gem
7f6e54e34000-7f6e54e35000 rw-s 00000000 00:01 2818                       /memfd:state table (deleted)
7f6e54e35000-7f6e54e75000 rw-s 10fb28000 00:0d 14454                     anon_inode:i915.gem
7f6e54e75000-7f6e54e77000 r--p 00000000 08:03 33717548                   /usr/lib/x86_64-linux-gnu/libXtst.so.6.1.0
7f6e54e77000-7f6e54e7a000 r-xp 00002000 08:03 33717548                   /usr/lib/x86_64-linux-gnu/libXtst.so.6.1.0
7f6e54e7a000-7f6e54e7b000 r--p 00005000 08:03 33717548                   /usr/lib/x86_64-linux-gnu/libXtst.so.6.1.0
7f6e54e7b000-7f6e54e7c000 ---p 00006000 08:03 33717548                   /usr/lib/x86_64-linux-gnu/libXtst.so.6.1.0
7f6e54e7c000-7f6e54e7d000 r--p 00006000 08:03 33717548                   /usr/lib/x86_64-linux-gnu/libXtst.so.6.1.0
7f6e54e7d000-7f6e54e7e000 rw-p 00007000 08:03 33717548                   /usr/lib/x86_64-linux-gnu/libXtst.so.6.1.0
7f6e54e7e000-7f6e54edc000 r-xp 00000000 08:03 34604214                   /home/mrodier/Apps/jdk-16.0.2/lib/libawt_xawt.so
7f6e54edc000-7f6e54edd000 ---p 0005e000 08:03 34604214                   /home/mrodier/Apps/jdk-16.0.2/lib/libawt_xawt.so
7f6e54edd000-7f6e54ede000 r--p 0005e000 08:03 34604214                   /home/mrodier/Apps/jdk-16.0.2/lib/libawt_xawt.so
7f6e54ede000-7f6e54ee0000 rw-p 0005f000 08:03 34604214                   /home/mrodier/Apps/jdk-16.0.2/lib/libawt_xawt.so
7f6e54ee0000-7f6e54ee2000 rw-p 00000000 00:00 0 
7f6e54ee2000-7f6e54ef8000 r--p 00000000 08:03 33700267                   /usr/lib/x86_64-linux-gnu/libvulkan.so.1.2.176
7f6e54ef8000-7f6e54f29000 r-xp 00016000 08:03 33700267                   /usr/lib/x86_64-linux-gnu/libvulkan.so.1.2.176
7f6e54f29000-7f6e54f3e000 r--p 00047000 08:03 33700267                   /usr/lib/x86_64-linux-gnu/libvulkan.so.1.2.176
7f6e54f3e000-7f6e54f41000 r--p 0005b000 08:03 33700267                   /usr/lib/x86_64-linux-gnu/libvulkan.so.1.2.176
7f6e54f41000-7f6e54f42000 rw-p 0005e000 08:03 33700267                   /usr/lib/x86_64-linux-gnu/libvulkan.so.1.2.176
7f6e54f42000-7f6e54f43000 r--p 00000000 08:03 33703527                   /usr/lib/x86_64-linux-gnu/libX11-xcb.so.1.0.0
7f6e54f43000-7f6e54f44000 r-xp 00001000 08:03 33703527                   /usr/lib/x86_64-linux-gnu/libX11-xcb.so.1.0.0
7f6e54f44000-7f6e54f45000 r--p 00002000 08:03 33703527                   /usr/lib/x86_64-linux-gnu/libX11-xcb.so.1.0.0
7f6e54f45000-7f6e54f46000 r--p 00002000 08:03 33703527                   /usr/lib/x86_64-linux-gnu/libX11-xcb.so.1.0.0
7f6e54f46000-7f6e54f47000 rw-p 00003000 08:03 33703527                   /usr/lib/x86_64-linux-gnu/libX11-xcb.so.1.0.0
7f6e54f47000-7f6e54f4a000 r--p 00000000 08:03 33687097                   /usr/lib/x86_64-linux-gnu/libXcursor.so.1.0.2
7f6e54f4a000-7f6e54f50000 r-xp 00003000 08:03 33687097                   /usr/lib/x86_64-linux-gnu/libXcursor.so.1.0.2
7f6e54f50000-7f6e54f52000 r--p 00009000 08:03 33687097                   /usr/lib/x86_64-linux-gnu/libXcursor.so.1.0.2
7f6e54f52000-7f6e54f53000 r--p 0000a000 08:03 33687097                   /usr/lib/x86_64-linux-gnu/libXcursor.so.1.0.2
7f6e54f53000-7f6e54f54000 rw-p 0000b000 08:03 33687097                   /usr/lib/x86_64-linux-gnu/libXcursor.so.1.0.2
7f6e54f54000-7f6e54f56000 r--p 00000000 08:03 33716675                   /usr/lib/x86_64-linux-gnu/libXrender.so.1.3.0
7f6e54f56000-7f6e54f5d000 r-xp 00002000 08:03 33716675                   /usr/lib/x86_64-linux-gnu/libXrender.so.1.3.0
7f6e54f5d000-7f6e54f5f000 r--p 00009000 08:03 33716675                   /usr/lib/x86_64-linux-gnu/libXrender.so.1.3.0
7f6e54f5f000-7f6e54f60000 r--p 0000a000 08:03 33716675                   /usr/lib/x86_64-linux-gnu/libXrender.so.1.3.0
7f6e54f60000-7f6e54f61000 rw-p 0000b000 08:03 33716675                   /usr/lib/x86_64-linux-gnu/libXrender.so.1.3.0
7f6e54f61000-7f6e54f63000 r--p 00000000 08:03 33707117                   /usr/lib/x86_64-linux-gnu/libXrandr.so.2.2.0
7f6e54f63000-7f6e54f6a000 r-xp 00002000 08:03 33707117                   /usr/lib/x86_64-linux-gnu/libXrandr.so.2.2.0
7f6e54f6a000-7f6e54f6c000 r--p 00009000 08:03 33707117                   /usr/lib/x86_64-linux-gnu/libXrandr.so.2.2.0
7f6e54f6c000-7f6e54f6d000 r--p 0000a000 08:03 33707117                   /usr/lib/x86_64-linux-gnu/libXrandr.so.2.2.0
7f6e54f6d000-7f6e54f6e000 rw-p 0000b000 08:03 33707117                   /usr/lib/x86_64-linux-gnu/libXrandr.so.2.2.0
7f6e54f6e000-7f6e54f71000 r--p 00000000 08:03 33700621                   /usr/lib/x86_64-linux-gnu/libXi.so.6.1.0
7f6e54f71000-7f6e54f7c000 r-xp 00003000 08:03 33700621                   /usr/lib/x86_64-linux-gnu/libXi.so.6.1.0
7f6e54f7c000-7f6e54f7f000 r--p 0000e000 08:03 33700621                   /usr/lib/x86_64-linux-gnu/libXi.so.6.1.0
7f6e54f7f000-7f6e54f80000 r--p 00010000 08:03 33700621                   /usr/lib/x86_64-linux-gnu/libXi.so.6.1.0
7f6e54f80000-7f6e54f81000 rw-p 00011000 08:03 33700621                   /usr/lib/x86_64-linux-gnu/libXi.so.6.1.0
7f6e54f81000-7f6e54f85000 r--p 00000000 08:03 33700268                   /usr/lib/x86_64-linux-gnu/libXext.so.6.4.0
7f6e54f85000-7f6e54f90000 r-xp 00004000 08:03 33700268                   /usr/lib/x86_64-linux-gnu/libXext.so.6.4.0
7f6e54f90000-7f6e54f94000 r--p 0000f000 08:03 33700268                   /usr/lib/x86_64-linux-gnu/libXext.so.6.4.0
7f6e54f94000-7f6e54f95000 r--p 00012000 08:03 33700268                   /usr/lib/x86_64-linux-gnu/libXext.so.6.4.0
7f6e54f95000-7f6e54f96000 rw-p 00013000 08:03 33700268                   /usr/lib/x86_64-linux-gnu/libXext.so.6.4.0
7f6e54f96000-7f6e54fa3000 r--p 00000000 08:03 33693073                   /usr/lib/x86_64-linux-gnu/libxcb.so.1.1.0
7f6e54fa3000-7f6e54fb8000 r-xp 0000d000 08:03 33693073                   /usr/lib/x86_64-linux-gnu/libxcb.so.1.1.0
7f6e54fb8000-7f6e54fc1000 r--p 00022000 08:03 33693073                   /usr/lib/x86_64-linux-gnu/libxcb.so.1.1.0
7f6e54fc1000-7f6e54fc2000 r--p 0002a000 08:03 33693073                   /usr/lib/x86_64-linux-gnu/libxcb.so.1.1.0
7f6e54fc2000-7f6e54fc3000 rw-p 0002b000 08:03 33693073                   /usr/lib/x86_64-linux-gnu/libxcb.so.1.1.0
7f6e54fc3000-7f6e54fe1000 r--p 00000000 08:03 33720931                   /usr/lib/x86_64-linux-gnu/libX11.so.6.3.0
7f6e54fe1000-7f6e55071000 r-xp 0001e000 08:03 33720931                   /usr/lib/x86_64-linux-gnu/libX11.so.6.3.0
7f6e55071000-7f6e55105000 r--p 000ae000 08:03 33720931                   /usr/lib/x86_64-linux-gnu/libX11.so.6.3.0
7f6e55105000-7f6e55108000 r--p 00141000 08:03 33720931                   /usr/lib/x86_64-linux-gnu/libX11.so.6.3.0
7f6e55108000-7f6e5510c000 rw-p 00144000 08:03 33720931                   /usr/lib/x86_64-linux-gnu/libX11.so.6.3.0
7f6e5510c000-7f6e5514f000 r-xp 00000000 00:40 233                        /tmp/lwjglmrodier/3.2.3-build-13/libglfw.so
7f6e5514f000-7f6e5534e000 ---p 00043000 00:40 233                        /tmp/lwjglmrodier/3.2.3-build-13/libglfw.so
7f6e5534e000-7f6e5534f000 r--p 00042000 00:40 233                        /tmp/lwjglmrodier/3.2.3-build-13/libglfw.so
7f6e5534f000-7f6e55351000 rw-p 00043000 00:40 233                        /tmp/lwjglmrodier/3.2.3-build-13/libglfw.so
7f6e55351000-7f6e55372000 rw-p 00000000 00:00 0 
7f6e55372000-7f6e553c3000 r-xp 00000000 00:40 232                        /tmp/lwjglmrodier/3.2.3-build-13/liblwjgl.so
7f6e553c3000-7f6e555c2000 ---p 00051000 00:40 232                        /tmp/lwjglmrodier/3.2.3-build-13/liblwjgl.so
7f6e555c2000-7f6e555c3000 r--p 00050000 00:40 232                        /tmp/lwjglmrodier/3.2.3-build-13/liblwjgl.so
7f6e555c3000-7f6e555c4000 rw-p 00051000 00:40 232                        /tmp/lwjglmrodier/3.2.3-build-13/liblwjgl.so
7f6e555c4000-7f6e555f5000 rw-p 00000000 00:00 0 
7f6e555f5000-7f6e555f9000 ---p 00000000 00:00 0 
7f6e555f9000-7f6e556f6000 rw-p 00000000 00:00 0 
7f6e556f6000-7f6e556f7000 ---p 00000000 00:00 0 
7f6e556f7000-7f6e557f8000 rw-p 00000000 00:00 0 
7f6e557f8000-7f6e557fc000 ---p 00000000 00:00 0 
7f6e557fc000-7f6e558f9000 rw-p 00000000 00:00 0 
7f6e558f9000-7f6e558fd000 ---p 00000000 00:00 0 
7f6e558fd000-7f6e559fa000 rw-p 00000000 00:00 0 
7f6e559fa000-7f6e559fe000 ---p 00000000 00:00 0 
7f6e559fe000-7f6e55afb000 rw-p 00000000 00:00 0 
7f6e55afb000-7f6e55aff000 ---p 00000000 00:00 0 
7f6e55aff000-7f6e55bfc000 rw-p 00000000 00:00 0 
7f6e55bfc000-7f6e55c00000 ---p 00000000 00:00 0 
7f6e55c00000-7f6e55cfd000 rw-p 00000000 00:00 0 
7f6e55cfd000-7f6e55d01000 ---p 00000000 00:00 0 
7f6e55d01000-7f6e55dfe000 rw-p 00000000 00:00 0 
7f6e55dfe000-7f6e55e02000 ---p 00000000 00:00 0 
7f6e55e02000-7f6e55eff000 rw-p 00000000 00:00 0 
7f6e55eff000-7f6e55f03000 ---p 00000000 00:00 0 
7f6e55f03000-7f6e58000000 rw-p 00000000 00:00 0 
7f6e58000000-7f6e58021000 rw-p 00000000 00:00 0 
7f6e58021000-7f6e5c000000 ---p 00000000 00:00 0 
7f6e5c000000-7f6e5c021000 rw-p 00000000 00:00 0 
7f6e5c021000-7f6e60000000 ---p 00000000 00:00 0 
7f6e60000000-7f6e60021000 rw-p 00000000 00:00 0 
7f6e60021000-7f6e64000000 ---p 00000000 00:00 0 
7f6e64000000-7f6e64001000 rw-s 1101b4000 00:0d 14454                     anon_inode:i915.gem
7f6e64001000-7f6e64003000 r--p 00000000 08:03 33699932                   /usr/lib/x86_64-linux-gnu/libXfixes.so.3.1.0
7f6e64003000-7f6e64006000 r-xp 00002000 08:03 33699932                   /usr/lib/x86_64-linux-gnu/libXfixes.so.3.1.0
7f6e64006000-7f6e64007000 r--p 00005000 08:03 33699932                   /usr/lib/x86_64-linux-gnu/libXfixes.so.3.1.0
7f6e64007000-7f6e64008000 ---p 00006000 08:03 33699932                   /usr/lib/x86_64-linux-gnu/libXfixes.so.3.1.0
7f6e64008000-7f6e64009000 r--p 00006000 08:03 33699932                   /usr/lib/x86_64-linux-gnu/libXfixes.so.3.1.0
7f6e64009000-7f6e6400a000 rw-p 00007000 08:03 33699932                   /usr/lib/x86_64-linux-gnu/libXfixes.so.3.1.0
7f6e6400a000-7f6e6400b000 r--p 00000000 08:03 33687161                   /usr/lib/x86_64-linux-gnu/libXxf86vm.so.1.0.0
7f6e6400b000-7f6e6400e000 r-xp 00001000 08:03 33687161                   /usr/lib/x86_64-linux-gnu/libXxf86vm.so.1.0.0
7f6e6400e000-7f6e6400f000 r--p 00004000 08:03 33687161                   /usr/lib/x86_64-linux-gnu/libXxf86vm.so.1.0.0
7f6e6400f000-7f6e64010000 r--p 00004000 08:03 33687161                   /usr/lib/x86_64-linux-gnu/libXxf86vm.so.1.0.0
7f6e64010000-7f6e64011000 rw-p 00005000 08:03 33687161                   /usr/lib/x86_64-linux-gnu/libXxf86vm.so.1.0.0
7f6e64011000-7f6e64012000 r--p 00000000 08:03 33694035                   /usr/lib/x86_64-linux-gnu/libXau.so.6.0.0
7f6e64012000-7f6e64014000 r-xp 00001000 08:03 33694035                   /usr/lib/x86_64-linux-gnu/libXau.so.6.0.0
7f6e64014000-7f6e64015000 r--p 00003000 08:03 33694035                   /usr/lib/x86_64-linux-gnu/libXau.so.6.0.0
7f6e64015000-7f6e64016000 r--p 00003000 08:03 33694035                   /usr/lib/x86_64-linux-gnu/libXau.so.6.0.0
7f6e64016000-7f6e64017000 rw-p 00004000 08:03 33694035                   /usr/lib/x86_64-linux-gnu/libXau.so.6.0.0
7f6e64017000-7f6e6402c000 r-xp 00000000 08:03 34604237                   /home/mrodier/Apps/jdk-16.0.2/lib/libnet.so
7f6e6402c000-7f6e6402d000 r--p 00014000 08:03 34604237                   /home/mrodier/Apps/jdk-16.0.2/lib/libnet.so
7f6e6402d000-7f6e6402e000 rw-p 00015000 08:03 34604237                   /home/mrodier/Apps/jdk-16.0.2/lib/libnet.so
7f6e6402e000-7f6e64032000 ---p 00000000 00:00 0 
7f6e64032000-7f6e6412f000 rw-p 00000000 00:00 0 
7f6e6412f000-7f6e64133000 ---p 00000000 00:00 0 
7f6e64133000-7f6e64230000 rw-p 00000000 00:00 0 
7f6e64230000-7f6e64284000 r--p 00000000 08:03 33693368                   /usr/lib/locale/en_CA.utf8/LC_CTYPE
7f6e64284000-7f6e644fc000 r--p 00000000 08:03 33718965                   /usr/lib/locale/en_CA.utf8/LC_COLLATE
7f6e644fc000-7f6e64500000 ---p 00000000 00:00 0 
7f6e64500000-7f6e645fd000 rw-p 00000000 00:00 0 
7f6e645fd000-7f6e64601000 ---p 00000000 00:00 0 
7f6e64601000-7f6e646fe000 rw-p 00000000 00:00 0 
7f6e646fe000-7f6e646ff000 ---p 00000000 00:00 0 
7f6e646ff000-7f6e64b00000 rw-p 00000000 00:00 0 
7f6e64b00000-7f6e64c00000 ---p 00000000 00:00 0 
7f6e64c00000-7f6e64f10000 rw-p 00000000 00:00 0 
7f6e64f10000-7f6e65000000 ---p 00000000 00:00 0 
7f6e65000000-7f6e65001000 rw-s 100b4c000 00:0d 14454                     anon_inode:i915.gem
7f6e65001000-7f6e65002000 rw-s 00000000 00:01 2819                       /memfd:state table (deleted)
7f6e65002000-7f6e65003000 rw-s 00000000 00:01 2818                       /memfd:state table (deleted)
7f6e65003000-7f6e65004000 rw-s 00000000 00:01 2817                       /memfd:state table (deleted)
7f6e65004000-7f6e6500c000 rw-s 00000000 00:01 2816                       /memfd:state table (deleted)
7f6e6500c000-7f6e65010000 rw-s 00000000 00:01 2816                       /memfd:state table (deleted)
7f6e65010000-7f6e65012000 rw-s 00000000 00:01 2816                       /memfd:state table (deleted)
7f6e65012000-7f6e65013000 rw-s 00000000 00:01 2816                       /memfd:state table (deleted)
7f6e65013000-7f6e65014000 rw-s 00000000 00:01 2816                       /memfd:state table (deleted)
7f6e65014000-7f6e65095000 rw-p 00000000 00:00 0 
7f6e65095000-7f6e65096000 ---p 00000000 00:00 0 
7f6e65096000-7f6e65197000 rw-p 00000000 00:00 0 
7f6e65197000-7f6e65198000 ---p 00000000 00:00 0 
7f6e65198000-7f6e65c91000 rw-p 00000000 00:00 0 
7f6e65c91000-7f6e67939000 ---p 00000000 00:00 0 
7f6e67939000-7f6e67b31000 rw-p 00000000 00:00 0 
7f6e67b31000-7f6e697d9000 ---p 00000000 00:00 0 
7f6e697d9000-7f6e697e1000 rw-p 00000000 00:00 0 
7f6e697e1000-7f6e69a51000 rwxp 00000000 00:00 0 
7f6e69a51000-7f6e69d73000 ---p 00000000 00:00 0 
7f6e69d73000-7f6e69fe3000 rwxp 00000000 00:00 0 
7f6e69fe3000-7f6e712aa000 ---p 00000000 00:00 0 
7f6e712aa000-7f6e7151a000 rwxp 00000000 00:00 0 
7f6e7151a000-7f6e787e1000 ---p 00000000 00:00 0 
7f6e787e1000-7f6e80000000 r--s 00000000 08:03 34604246                   /home/mrodier/Apps/jdk-16.0.2/lib/modules
7f6e80000000-7f6e82124000 rw-p 00000000 00:00 0 
7f6e82124000-7f6e84000000 ---p 00000000 00:00 0 
7f6e84000000-7f6e84001000 rw-s 00000000 00:01 2815                       /memfd:state table (deleted)
7f6e84001000-7f6e84008000 r-xp 00000000 08:03 34604245                   /home/mrodier/Apps/jdk-16.0.2/lib/libzip.so
7f6e84008000-7f6e84009000 ---p 00007000 08:03 34604245                   /home/mrodier/Apps/jdk-16.0.2/lib/libzip.so
7f6e84009000-7f6e8400a000 r--p 00007000 08:03 34604245                   /home/mrodier/Apps/jdk-16.0.2/lib/libzip.so
7f6e8400a000-7f6e8400b000 rw-p 00008000 08:03 34604245                   /home/mrodier/Apps/jdk-16.0.2/lib/libzip.so
7f6e8400b000-7f6e8401e000 r-xp 00000000 08:03 34604238                   /home/mrodier/Apps/jdk-16.0.2/lib/libnio.so
7f6e8401e000-7f6e8401f000 r--p 00012000 08:03 34604238                   /home/mrodier/Apps/jdk-16.0.2/lib/libnio.so
7f6e8401f000-7f6e84020000 rw-p 00013000 08:03 34604238                   /home/mrodier/Apps/jdk-16.0.2/lib/libnio.so
7f6e84020000-7f6e84025000 r-xp 00000000 08:03 34604215                   /home/mrodier/Apps/jdk-16.0.2/lib/libdt_socket.so
7f6e84025000-7f6e84026000 r--p 00004000 08:03 34604215                   /home/mrodier/Apps/jdk-16.0.2/lib/libdt_socket.so
7f6e84026000-7f6e84027000 rw-p 00005000 08:03 34604215                   /home/mrodier/Apps/jdk-16.0.2/lib/libdt_socket.so
7f6e84027000-7f6e840c3000 rw-p 00000000 00:00 0 
7f6e840c3000-7f6e840c4000 ---p 00000000 00:00 0 
7f6e840c4000-7f6e841c5000 rw-p 00000000 00:00 0 
7f6e841c5000-7f6e841c6000 ---p 00000000 00:00 0 
7f6e841c6000-7f6e842c7000 rw-p 00000000 00:00 0 
7f6e842c7000-7f6e842c8000 ---p 00000000 00:00 0 
7f6e842c8000-7f6e84486000 rw-p 00000000 00:00 0 
7f6e84486000-7f6e8481b000 ---p 00000000 00:00 0 
7f6e8481b000-7f6e8485a000 rw-p 00000000 00:00 0 
7f6e8485a000-7f6e84bef000 ---p 00000000 00:00 0 
7f6e84bef000-7f6e84c2e000 rw-p 00000000 00:00 0 
7f6e84c2e000-7f6e84fc3000 ---p 00000000 00:00 0 
7f6e84fc3000-7f6e857d1000 rw-p 00000000 00:00 0 
7f6e857d1000-7f6e858b7000 ---p 00000000 00:00 0 
7f6e858b7000-7f6e858bc000 rw-p 00000000 00:00 0 
7f6e858bc000-7f6e859a2000 ---p 00000000 00:00 0 
7f6e859a2000-7f6e859a5000 r--p 00000000 08:03 33700903                   /usr/lib/x86_64-linux-gnu/libnss_files-2.31.so
7f6e859a5000-7f6e859ac000 r-xp 00003000 08:03 33700903                   /usr/lib/x86_64-linux-gnu/libnss_files-2.31.so
7f6e859ac000-7f6e859ae000 r--p 0000a000 08:03 33700903                   /usr/lib/x86_64-linux-gnu/libnss_files-2.31.so
7f6e859ae000-7f6e859af000 ---p 0000c000 08:03 33700903                   /usr/lib/x86_64-linux-gnu/libnss_files-2.31.so
7f6e859af000-7f6e859b0000 r--p 0000c000 08:03 33700903                   /usr/lib/x86_64-linux-gnu/libnss_files-2.31.so
7f6e859b0000-7f6e859b1000 rw-p 0000d000 08:03 33700903                   /usr/lib/x86_64-linux-gnu/libnss_files-2.31.so
7f6e859b1000-7f6e859b7000 rw-p 00000000 00:00 0 
7f6e859b7000-7f6e859b8000 r--p 00000000 08:03 33698337                   /usr/lib/x86_64-linux-gnu/libXinerama.so.1.0.0
7f6e859b8000-7f6e859b9000 r-xp 00001000 08:03 33698337                   /usr/lib/x86_64-linux-gnu/libXinerama.so.1.0.0
7f6e859b9000-7f6e859ba000 r--p 00002000 08:03 33698337                   /usr/lib/x86_64-linux-gnu/libXinerama.so.1.0.0
7f6e859ba000-7f6e859bb000 r--p 00002000 08:03 33698337                   /usr/lib/x86_64-linux-gnu/libXinerama.so.1.0.0
7f6e859bb000-7f6e859bc000 rw-p 00003000 08:03 33698337                   /usr/lib/x86_64-linux-gnu/libXinerama.so.1.0.0
7f6e859bc000-7f6e859bd000 r-xp 00000000 00:00 0 
7f6e859bd000-7f6e859be000 r--p 00000000 08:03 33701830                   /usr/lib/locale/en_CA.utf8/LC_NUMERIC
7f6e859be000-7f6e859c3000 rw-p 00000000 00:00 0 
7f6e859c3000-7f6e859ca000 ---p 00000000 00:00 0 
7f6e859ca000-7f6e859ee000 r-xp 00000000 08:03 34604224                   /home/mrodier/Apps/jdk-16.0.2/lib/libjava.so
7f6e859ee000-7f6e859ef000 ---p 00024000 08:03 34604224                   /home/mrodier/Apps/jdk-16.0.2/lib/libjava.so
7f6e859ef000-7f6e859f0000 r--p 00024000 08:03 34604224                   /home/mrodier/Apps/jdk-16.0.2/lib/libjava.so
7f6e859f0000-7f6e859f1000 rw-p 00025000 08:03 34604224                   /home/mrodier/Apps/jdk-16.0.2/lib/libjava.so
7f6e859f1000-7f6e859f2000 rw-p 00000000 00:00 0 
7f6e859f2000-7f6e85a30000 r-xp 00000000 08:03 34604227                   /home/mrodier/Apps/jdk-16.0.2/lib/libjdwp.so
7f6e85a30000-7f6e85a31000 r--p 0003d000 08:03 34604227                   /home/mrodier/Apps/jdk-16.0.2/lib/libjdwp.so
7f6e85a31000-7f6e85a32000 rw-p 0003e000 08:03 34604227                   /home/mrodier/Apps/jdk-16.0.2/lib/libjdwp.so
7f6e85a32000-7f6e85a33000 rw-p 00000000 00:00 0 
7f6e85a33000-7f6e85a4e000 r-xp 00000000 08:03 34604228                   /home/mrodier/Apps/jdk-16.0.2/lib/libjimage.so
7f6e85a4e000-7f6e85a4f000 ---p 0001b000 08:03 34604228                   /home/mrodier/Apps/jdk-16.0.2/lib/libjimage.so
7f6e85a4f000-7f6e85a51000 r--p 0001b000 08:03 34604228                   /home/mrodier/Apps/jdk-16.0.2/lib/libjimage.so
7f6e85a51000-7f6e85a52000 rw-p 0001d000 08:03 34604228                   /home/mrodier/Apps/jdk-16.0.2/lib/libjimage.so
7f6e85a52000-7f6e85a54000 r--p 00000000 08:03 33704610                   /usr/lib/x86_64-linux-gnu/librt-2.31.so
7f6e85a54000-7f6e85a58000 r-xp 00002000 08:03 33704610                   /usr/lib/x86_64-linux-gnu/librt-2.31.so
7f6e85a58000-7f6e85a5a000 r--p 00006000 08:03 33704610                   /usr/lib/x86_64-linux-gnu/librt-2.31.so
7f6e85a5a000-7f6e85a5b000 r--p 00007000 08:03 33704610                   /usr/lib/x86_64-linux-gnu/librt-2.31.so
7f6e85a5b000-7f6e85a5c000 rw-p 00008000 08:03 33704610                   /usr/lib/x86_64-linux-gnu/librt-2.31.so
7f6e85a5c000-7f6e85a60000 ---p 00000000 00:00 0 
7f6e85a60000-7f6e85b5d000 rw-p 00000000 00:00 0 
7f6e85b5d000-7f6e85b6a000 r--p 00000000 08:03 33720809                   /usr/lib/x86_64-linux-gnu/libm-2.31.so
7f6e85b6a000-7f6e85c0b000 r-xp 0000d000 08:03 33720809                   /usr/lib/x86_64-linux-gnu/libm-2.31.so
7f6e85c0b000-7f6e85ca8000 r--p 000ae000 08:03 33720809                   /usr/lib/x86_64-linux-gnu/libm-2.31.so
7f6e85ca8000-7f6e85ca9000 r--p 0014a000 08:03 33720809                   /usr/lib/x86_64-linux-gnu/libm-2.31.so
7f6e85ca9000-7f6e85caa000 rw-p 0014b000 08:03 33720809                   /usr/lib/x86_64-linux-gnu/libm-2.31.so
7f6e85caa000-7f6e86db8000 r-xp 00000000 08:03 34604258                   /home/mrodier/Apps/jdk-16.0.2/lib/server/libjvm.so
7f6e86db8000-7f6e86db9000 ---p 0110e000 08:03 34604258                   /home/mrodier/Apps/jdk-16.0.2/lib/server/libjvm.so
7f6e86db9000-7f6e86e6a000 r--p 0110e000 08:03 34604258                   /home/mrodier/Apps/jdk-16.0.2/lib/server/libjvm.so
7f6e86e6a000-7f6e86e9d000 rw-p 011bf000 08:03 34604258                   /home/mrodier/Apps/jdk-16.0.2/lib/server/libjvm.so
7f6e86e9d000-7f6e86efa000 rw-p 00000000 00:00 0 
7f6e86efa000-7f6e86f1c000 r--p 00000000 08:03 33720877                   /usr/lib/x86_64-linux-gnu/libc-2.31.so
7f6e86f1c000-7f6e8706c000 r-xp 00022000 08:03 33720877                   /usr/lib/x86_64-linux-gnu/libc-2.31.so
7f6e8706c000-7f6e870ba000 r--p 00172000 08:03 33720877                   /usr/lib/x86_64-linux-gnu/libc-2.31.so
7f6e870ba000-7f6e870bb000 ---p 001c0000 08:03 33720877                   /usr/lib/x86_64-linux-gnu/libc-2.31.so
7f6e870bb000-7f6e870bf000 r--p 001c0000 08:03 33720877                   /usr/lib/x86_64-linux-gnu/libc-2.31.so
7f6e870bf000-7f6e870c1000 rw-p 001c4000 08:03 33720877                   /usr/lib/x86_64-linux-gnu/libc-2.31.so
7f6e870c1000-7f6e870c5000 rw-p 00000000 00:00 0 
7f6e870c5000-7f6e870c6000 r--p 00000000 08:03 33704365                   /usr/lib/x86_64-linux-gnu/libdl-2.31.so
7f6e870c6000-7f6e870c8000 r-xp 00001000 08:03 33704365                   /usr/lib/x86_64-linux-gnu/libdl-2.31.so
7f6e870c8000-7f6e870c9000 r--p 00003000 08:03 33704365                   /usr/lib/x86_64-linux-gnu/libdl-2.31.so
7f6e870c9000-7f6e870ca000 r--p 00003000 08:03 33704365                   /usr/lib/x86_64-linux-gnu/libdl-2.31.so
7f6e870ca000-7f6e870cb000 rw-p 00004000 08:03 33704365                   /usr/lib/x86_64-linux-gnu/libdl-2.31.so
7f6e870cb000-7f6e870d1000 r--p 00000000 08:03 33701389                   /usr/lib/x86_64-linux-gnu/libpthread-2.31.so
7f6e870d1000-7f6e870e1000 r-xp 00006000 08:03 33701389                   /usr/lib/x86_64-linux-gnu/libpthread-2.31.so
7f6e870e1000-7f6e870e7000 r--p 00016000 08:03 33701389                   /usr/lib/x86_64-linux-gnu/libpthread-2.31.so
7f6e870e7000-7f6e870e8000 r--p 0001b000 08:03 33701389                   /usr/lib/x86_64-linux-gnu/libpthread-2.31.so
7f6e870e8000-7f6e870e9000 rw-p 0001c000 08:03 33701389                   /usr/lib/x86_64-linux-gnu/libpthread-2.31.so
7f6e870e9000-7f6e870ed000 rw-p 00000000 00:00 0 
7f6e870ed000-7f6e870fc000 r-xp 00000000 08:03 34604229                   /home/mrodier/Apps/jdk-16.0.2/lib/libjli.so
7f6e870fc000-7f6e870fd000 r--p 0000e000 08:03 34604229                   /home/mrodier/Apps/jdk-16.0.2/lib/libjli.so
7f6e870fd000-7f6e870fe000 rw-p 0000f000 08:03 34604229                   /home/mrodier/Apps/jdk-16.0.2/lib/libjli.so
7f6e870fe000-7f6e87101000 r--p 00000000 08:03 33688751                   /usr/lib/x86_64-linux-gnu/libz.so.1.2.11
7f6e87101000-7f6e8710f000 r-xp 00003000 08:03 33688751                   /usr/lib/x86_64-linux-gnu/libz.so.1.2.11
7f6e8710f000-7f6e87115000 r--p 00011000 08:03 33688751                   /usr/lib/x86_64-linux-gnu/libz.so.1.2.11
7f6e87115000-7f6e87116000 ---p 00017000 08:03 33688751                   /usr/lib/x86_64-linux-gnu/libz.so.1.2.11
7f6e87116000-7f6e87117000 r--p 00017000 08:03 33688751                   /usr/lib/x86_64-linux-gnu/libz.so.1.2.11
7f6e87117000-7f6e87118000 rw-p 00018000 08:03 33688751                   /usr/lib/x86_64-linux-gnu/libz.so.1.2.11
7f6e87118000-7f6e8711a000 rw-p 00000000 00:00 0 
7f6e8711a000-7f6e8711b000 r--p 00000000 08:03 33687893                   /usr/lib/locale/en_CA.utf8/LC_TIME
7f6e8711b000-7f6e8711c000 r--p 00000000 08:03 33686692                   /usr/lib/locale/en_CA.utf8/LC_MONETARY
7f6e8711c000-7f6e8711d000 r--p 00000000 08:03 33715071                   /usr/lib/locale/en_CA.utf8/LC_MESSAGES/SYS_LC_MESSAGES
7f6e8711d000-7f6e8711e000 r--p 00000000 08:03 33712834                   /usr/lib/locale/en_CA.utf8/LC_PAPER
7f6e8711e000-7f6e8711f000 r--p 00000000 08:03 33700674                   /usr/lib/locale/en_CA.utf8/LC_NAME
7f6e8711f000-7f6e87120000 r--p 00000000 08:03 33690674                   /usr/lib/locale/en_CA.utf8/LC_ADDRESS
7f6e87120000-7f6e87121000 r--p 00000000 08:03 33709650                   /usr/lib/locale/en_CA.utf8/LC_TELEPHONE
7f6e87121000-7f6e87122000 r--p 00000000 08:03 33694783                   /usr/lib/locale/en_CA.utf8/LC_MEASUREMENT
7f6e87122000-7f6e87123000 r--p 00000000 08:03 33694307                   /usr/lib/locale/en_CA.utf8/LC_IDENTIFICATION
7f6e87123000-7f6e8712b000 rw-s 00000000 00:40 287                        /tmp/hsperfdata_mrodier/1515
7f6e8712b000-7f6e8712c000 ---p 00000000 00:00 0 
7f6e8712c000-7f6e8712d000 r--p 00000000 00:00 0 
7f6e8712d000-7f6e8712e000 r--p 00000000 08:03 33705840                   /usr/lib/x86_64-linux-gnu/ld-2.31.so
7f6e8712e000-7f6e8714f000 r-xp 00001000 08:03 33705840                   /usr/lib/x86_64-linux-gnu/ld-2.31.so
7f6e8714f000-7f6e87157000 r--p 00022000 08:03 33705840                   /usr/lib/x86_64-linux-gnu/ld-2.31.so
7f6e87157000-7f6e87158000 ---p 00000000 00:00 0 
7f6e87158000-7f6e87159000 r--p 0002a000 08:03 33705840                   /usr/lib/x86_64-linux-gnu/ld-2.31.so
7f6e87159000-7f6e8715a000 rw-p 0002b000 08:03 33705840                   /usr/lib/x86_64-linux-gnu/ld-2.31.so
7f6e8715a000-7f6e8715b000 rw-p 00000000 00:00 0 
7fffcabfd000-7fffcac1e000 rw-p 00000000 00:00 0                          [stack]
7fffcad68000-7fffcad6c000 r--p 00000000 00:00 0                          [vvar]
7fffcad6c000-7fffcad6e000 r-xp 00000000 00:00 0                          [vdso]
ffffffffff600000-ffffffffff601000 --xp 00000000 00:00 0                  [vsyscall]


VM Arguments:
jvm_args: -agentlib:jdwp=transport=dt_socket,server=n,suspend=y,address=localhost:36343 --enable-preview -XX:+ShowCodeDetailsInExceptionMessages -Dfile.encoding=UTF-8 
java_command: ca.artemis.Main
java_class_path (initial): /home/mrodier/Data/artemis/target/classes:/home/mrodier/.m2/repository/com/google/code/gson/gson/2.8.8/gson-2.8.8.jar:/home/mrodier/.m2/repository/org/lwjgl/lwjgl/3.2.3/lwjgl-3.2.3.jar:/home/mrodier/.m2/repository/org/lwjgl/lwjgl-glfw/3.2.3/lwjgl-glfw-3.2.3.jar:/home/mrodier/.m2/repository/org/lwjgl/lwjgl-vulkan/3.2.3/lwjgl-vulkan-3.2.3.jar:/home/mrodier/.m2/repository/org/lwjgl/lwjgl-vma/3.2.3/lwjgl-vma-3.2.3.jar:/home/mrodier/.m2/repository/org/lwjgl/lwjgl-shaderc/3.2.3/lwjgl-shaderc-3.2.3.jar:/home/mrodier/.m2/repository/org/lwjgl/lwjgl/3.2.3/lwjgl-3.2.3-natives-linux.jar:/home/mrodier/.m2/repository/org/lwjgl/lwjgl-glfw/3.2.3/lwjgl-glfw-3.2.3-natives-linux.jar:/home/mrodier/.m2/repository/org/lwjgl/lwjgl-vma/3.2.3/lwjgl-vma-3.2.3-natives-linux.jar:/home/mrodier/.m2/repository/org/lwjgl/lwjgl-shaderc/3.2.3/lwjgl-shaderc-3.2.3-natives-linux.jar
Launcher Type: SUN_STANDARD

[Global flags]
     intx CICompilerCount                          = 4                                         {product} {ergonomic}
     uint ConcGCThreads                            = 2                                         {product} {ergonomic}
     uint G1ConcRefinementThreads                  = 8                                         {product} {ergonomic}
   size_t G1HeapRegionSize                         = 1048576                                   {product} {ergonomic}
    uintx GCDrainStackTargetSize                   = 64                                        {product} {ergonomic}
   size_t InitialHeapSize                          = 130023424                                 {product} {ergonomic}
   size_t MarkStackSize                            = 4194304                                   {product} {ergonomic}
   size_t MaxHeapSize                              = 2055208960                                {product} {ergonomic}
   size_t MaxNewSize                               = 1233125376                                {product} {ergonomic}
   size_t MinHeapDeltaBytes                        = 1048576                                   {product} {ergonomic}
   size_t MinHeapSize                              = 8388608                                   {product} {ergonomic}
    uintx NonNMethodCodeHeapSize                   = 5839372                                {pd product} {ergonomic}
    uintx NonProfiledCodeHeapSize                  = 122909434                              {pd product} {ergonomic}
    uintx ProfiledCodeHeapSize                     = 122909434                              {pd product} {ergonomic}
    uintx ReservedCodeCacheSize                    = 251658240                              {pd product} {ergonomic}
     bool SegmentedCodeCache                       = true                                      {product} {ergonomic}
     bool ShowCodeDetailsInExceptionMessages       = true                                   {manageable} {command line}
   size_t SoftMaxHeapSize                          = 2055208960                             {manageable} {ergonomic}
     bool UseCompressedClassPointers               = true                           {product lp64_product} {ergonomic}
     bool UseCompressedOops                        = true                           {product lp64_product} {ergonomic}
     bool UseG1GC                                  = true                                      {product} {ergonomic}

Logging:
Log output configuration:
 #0: stdout all=warning uptime,level,tags
 #1: stderr all=off uptime,level,tags

Environment Variables:
JAVA_HOME=/home/mrodier/Apps/jdk-16.0.2
PATH=/app/bin:/usr/bin:/home/mrodier/.var/app/com.visualstudio.code/data/node_modules/bin
USERNAME=mrodier
LD_LIBRARY_PATH=/app/lib
SHELL=/bin/sh
DISPLAY=:99.0
LANG=en_CA.UTF-8

Signal Handlers:
SIGSEGV: [libjvm.so+0xdfeb90], sa_mask[0]=11100100010111111101111111111110, sa_flags=SA_RESTART|SA_SIGINFO
SIGBUS: [libjvm.so+0xdfeb90], sa_mask[0]=11100100010111111101111111111110, sa_flags=SA_RESTART|SA_SIGINFO
SIGFPE: [libjvm.so+0xdfeb90], sa_mask[0]=11100100010111111101111111111110, sa_flags=SA_RESTART|SA_SIGINFO
SIGPIPE: [libjvm.so+0xca84d0], sa_mask[0]=11100100010111111101111111111110, sa_flags=SA_RESTART|SA_SIGINFO
SIGXFSZ: [libjvm.so+0xca84d0], sa_mask[0]=11100100010111111101111111111110, sa_flags=SA_RESTART|SA_SIGINFO
SIGILL: [libjvm.so+0xdfeb90], sa_mask[0]=11100100010111111101111111111110, sa_flags=SA_RESTART|SA_SIGINFO
SIGUSR2: [libjvm.so+0xca7bc0], sa_mask[0]=00000000000000000000000000000000, sa_flags=SA_RESTART|SA_SIGINFO
SIGHUP: [libjvm.so+0xca7af0], sa_mask[0]=11100100010111111101111111111110, sa_flags=SA_RESTART|SA_SIGINFO
SIGINT: [libjvm.so+0xca7af0], sa_mask[0]=11100100010111111101111111111110, sa_flags=SA_RESTART|SA_SIGINFO
SIGTERM: [libjvm.so+0xca7af0], sa_mask[0]=11100100010111111101111111111110, sa_flags=SA_RESTART|SA_SIGINFO
SIGQUIT: [libjvm.so+0xca7af0], sa_mask[0]=11100100010111111101111111111110, sa_flags=SA_RESTART|SA_SIGINFO
SIGTRAP: [libjvm.so+0xdfeb90], sa_mask[0]=11100100010111111101111111111110, sa_flags=SA_RESTART|SA_SIGINFO


---------------  S Y S T E M  ---------------

OS:
NAME=Freedesktop.org
VERSION="20.08.14 (Flatpak runtime)"
VERSION_ID=20.08.14
ID=org.freedesktop.platform
PRETTY_NAME="Freedesktop.org 20.08.14 (Flatpak runtime)"
BUG_REPORT_URL=https://gitlab.com/freedesktop-sdk/freedesktop-sdk/issues
uname: Linux 5.11.0-7620-generic #21~1626191760~21.04~55de9c3-Ubuntu SMP Tue Jul 20 22:18:55 UTC  x86_64
OS uptime: 0 days 0:26 hours
libc: glibc 2.31 NPTL 2.31 
rlimit (soft/hard): STACK 8192k/infinity , CORE 0k/infinity , NPROC 30916/30916 , NOFILE 1048576/1048576 , AS infinity/infinity , CPU infinity/infinity , DATA infinity/infinity , FSIZE infinity/infinity , MEMLOCK 1003359k/1003359k
load average: 2.00 1.67 1.23

/proc/meminfo:
MemTotal:        8026876 kB
MemFree:         2116232 kB
MemAvailable:    3842780 kB
Buffers:           81048 kB
Cached:          2650108 kB
SwapCached:            0 kB
Active:           863084 kB
Inactive:        3939400 kB
Active(anon):      23216 kB
Inactive(anon):  2886812 kB
Active(file):     839868 kB
Inactive(file):  1052588 kB
Unevictable:      777632 kB
Mlocked:              32 kB
SwapTotal:       4193784 kB
SwapFree:        4193784 kB
Dirty:               224 kB
Writeback:             0 kB
AnonPages:       2849016 kB
Mapped:           703376 kB
Shmem:            838676 kB
KReclaimable:     115028 kB
Slab:             209216 kB
SReclaimable:     115028 kB
SUnreclaim:        94188 kB
KernelStack:       17104 kB
PageTables:        34132 kB
NFS_Unstable:          0 kB
Bounce:                0 kB
WritebackTmp:          0 kB
CommitLimit:     8207220 kB
Committed_AS:    9233688 kB
VmallocTotal:   34359738367 kB
VmallocUsed:       39988 kB
VmallocChunk:          0 kB
Percpu:             6976 kB
HardwareCorrupted:     0 kB
AnonHugePages:         0 kB
ShmemHugePages:        0 kB
ShmemPmdMapped:        0 kB
FileHugePages:         0 kB
FilePmdMapped:         0 kB
HugePages_Total:       0
HugePages_Free:        0
HugePages_Rsvd:        0
HugePages_Surp:        0
Hugepagesize:       2048 kB
Hugetlb:               0 kB
DirectMap4k:      224436 kB
DirectMap2M:     8048640 kB
DirectMap1G:     1048576 kB

/sys/kernel/mm/transparent_hugepage/enabled: <Not Available>
/sys/kernel/mm/transparent_hugepage/defrag (defrag/compaction efforts parameter): <Not Available>

Process Memory:
Virtual Size: 5565392K (peak: 5620712K)
Resident Set Size: 154612K (peak: 154612K) (anon: 75868K, file: 74840K, shmem: 3904K)
Swapped out: 0K
C-Heap outstanding allocations: 27095K

/proc/sys/kernel/threads-max (system-wide limit on the number of threads): 61833
/proc/sys/vm/max_map_count (maximum number of memory map areas a process may have): 65530
/proc/sys/kernel/pid_max (system-wide limit on number of process identifiers): 4194304

Steal ticks since vm start: 0
Steal ticks percentage since vm start:  0.000

CPU: total 8 (initial active 8) (4 cores per cpu, 2 threads per core) family 6 model 142 stepping 10 microcode 0xea, cx8, cmov, fxsr, ht, mmx, 3dnowpref, sse, sse2, sse3, ssse3, sse4.1, sse4.2, popcnt, lzcnt, tsc, tscinvbit, avx, avx2, aes, erms, clmul, bmi1, bmi2, adx, fma, vzeroupper, clflush, clflushopt
CPU Model and flags from /proc/cpuinfo:
model name	: Intel(R) Core(TM) i5-8250U CPU @ 1.60GHz
flags		: fpu vme de pse tsc msr pae mce cx8 apic sep mtrr pge mca cmov pat pse36 clflush dts acpi mmx fxsr sse sse2 ss ht tm pbe syscall nx pdpe1gb rdtscp lm constant_tsc art arch_perfmon pebs bts rep_good nopl xtopology nonstop_tsc cpuid aperfmperf pni pclmulqdq dtes64 monitor ds_cpl vmx est tm2 ssse3 sdbg fma cx16 xtpr pdcm pcid sse4_1 sse4_2 x2apic movbe popcnt tsc_deadline_timer aes xsave avx f16c rdrand lahf_lm abm 3dnowprefetch cpuid_fault epb invpcid_single pti ssbd ibrs ibpb stibp tpr_shadow vnmi flexpriority ept vpid ept_ad fsgsbase tsc_adjust bmi1 avx2 smep bmi2 erms invpcid mpx rdseed adx smap clflushopt intel_pt xsaveopt xsavec xgetbv1 xsaves dtherm ida arat pln pts hwp hwp_notify hwp_act_window hwp_epp md_clear flush_l1d

Online cpus: 0-7
Offline cpus: 
BIOS frequency limitation: <Not Available>
Frequency switch latency (ns): 0
Available cpu frequencies: <Not Available>
Current governor: powersave
Core performance/turbo boost: <Not Available>

Memory: 4k page, physical 8026876k(2115980k free), swap 4193784k(4193784k free)

vm_info: OpenJDK 64-Bit Server VM (16.0.2+7-67) for linux-amd64 JRE (16.0.2+7-67), built on Jun  8 2021 22:13:23 by "mach5one" with gcc 10.2.0

END.
